[10:39:26 PM] INFO Crafter_Zerank_120372934476033: Received - You enter Horde of the Summoned.
[10:40:28 PM] INFO Crafter_Zerank_120372934476033: Received - The trade was completed successfully.
[10:40:28 PM] INFO Crafter_Zerank_120372934476033: Adding job to Crafter - shovel to 50.0
[10:40:28 PM] INFO Crafter_Zerank_120372934476033: Improve to 50ql (50.0), Improve to 50ql (50.0), Improve to 50ql (50.0), Improve to 50ql (50.0), Improve to 50ql (50.0), Improve to 50ql (50.0), Improve to 50ql (50.0), Improve to 50ql (50.0), Improve to 50ql (50.0), Improve to 50ql (50.0), Improve to 50ql (50.0), Improve to 50ql (50.0)
[10:53:36 PM] INFO Crafter_Zerank_120372934476033: Received - The trade was completed successfully.
[10:53:36 PM] INFO Crafter_Zerank_120372934476033: Adding job to Crafter - spindle to 50.0
[10:53:36 PM] INFO Crafter_Zerank_120372934476033: Improve to 50ql (50.0), Improve to 50ql (50.0), Improve to 50ql (50.0), Improve to 50ql (50.0), Improve to 50ql (50.0), Improve to 50ql (50.0), Improve to 50ql (50.0), Improve to 50ql (50.0), Improve to 50ql (50.0), Improve to 50ql (50.0), Improve to 50ql (50.0), Improve to 50ql (50.0)
[10:53:36 PM] INFO Crafter_Zerank_120372934476033: Adding job to Crafter - mallet to 50.0
[10:53:36 PM] INFO Crafter_Zerank_120372934476033: Improve to 50ql (50.0), Improve to 50ql (50.0), Improve to 50ql (50.0), Improve to 50ql (50.0), Improve to 50ql (50.0), Improve to 50ql (50.0), Improve to 50ql (50.0), Improve to 50ql (50.0), Improve to 50ql (50.0), Improve to 50ql (50.0), Improve to 50ql (50.0), Improve to 50ql (50.0)
[10:53:36 PM] INFO Crafter_Zerank_120372934476033: Adding job to Crafter - leather glove to 50.0
[10:53:36 PM] INFO Crafter_Zerank_120372934476033: Improve to 50ql (50.0), Improve to 50ql (50.0), Improve to 50ql (50.0), Improve to 50ql (50.0), Improve to 50ql (50.0), Improve to 50ql (50.0), Improve to 50ql (50.0), Improve to 50ql (50.0), Improve to 50ql (50.0), Improve to 50ql (50.0), Improve to 50ql (50.0), Improve to 50ql (50.0)
[10:53:36 PM] INFO Crafter_Zerank_120372934476033: Adding job to Crafter - leather glove to 50.0
[10:53:36 PM] INFO Crafter_Zerank_120372934476033: Improve to 50ql (50.0), Improve to 50ql (50.0), Improve to 50ql (50.0), Improve to 50ql (50.0), Improve to 50ql (50.0), Improve to 50ql (50.0), Improve to 50ql (50.0), Improve to 50ql (50.0), Improve to 50ql (50.0), Improve to 50ql (50.0), Improve to 50ql (50.0), Improve to 50ql (50.0)
[10:53:36 PM] INFO Crafter_Zerank_120372934476033: Adding job to Crafter - leather jacket to 50.0
[10:53:36 PM] INFO Crafter_Zerank_120372934476033: Improve to 50ql (50.0), Improve to 50ql (50.0), Improve to 50ql (50.0), Improve to 50ql (50.0), Improve to 50ql (50.0), Improve to 50ql (50.0), Improve to 50ql (50.0), Improve to 50ql (50.0), Improve to 50ql (50.0), Improve to 50ql (50.0), Improve to 50ql (50.0), Improve to 50ql (50.0)
[10:53:36 PM] INFO Crafter_Zerank_120372934476033: Adding job to Crafter - leather pants to 50.0
[10:53:36 PM] INFO Crafter_Zerank_120372934476033: Improve to 50ql (50.0), Improve to 50ql (50.0), Improve to 50ql (50.0), Improve to 50ql (50.0), Improve to 50ql (50.0), Improve to 50ql (50.0), Improve to 50ql (50.0), Improve to 50ql (50.0), Improve to 50ql (50.0), Improve to 50ql (50.0), Improve to 50ql (50.0), Improve to 50ql (50.0)
[10:53:36 PM] INFO Crafter_Zerank_120372934476033: Adding job to Crafter - leather sleeve to 50.0
[10:53:36 PM] INFO Crafter_Zerank_120372934476033: Improve to 50ql (50.0), Improve to 50ql (50.0), Improve to 50ql (50.0), Improve to 50ql (50.0), Improve to 50ql (50.0), Improve to 50ql (50.0), Improve to 50ql (50.0), Improve to 50ql (50.0), Improve to 50ql (50.0), Improve to 50ql (50.0), Improve to 50ql (50.0), Improve to 50ql (50.0)
[10:53:36 PM] INFO Crafter_Zerank_120372934476033: Adding job to Crafter - leather sleeve to 50.0
[10:53:36 PM] INFO Crafter_Zerank_120372934476033: Improve to 50ql (50.0), Improve to 50ql (50.0), Improve to 50ql (50.0), Improve to 50ql (50.0), Improve to 50ql (50.0), Improve to 50ql (50.0), Improve to 50ql (50.0), Improve to 50ql (50.0), Improve to 50ql (50.0), Improve to 50ql (50.0), Improve to 50ql (50.0), Improve to 50ql (50.0)
[10:53:37 PM] INFO Crafter_Zerank_120372934476033: Repairing spindle
[10:53:38 PM] INFO Crafter_Zerank_120372934476033: Received - You start repairing the spindle.
[10:53:38 PM] INFO Crafter_Zerank_120372934476033: repairing
[10:53:41 PM] INFO Crafter_Zerank_120372934476033: Received - You repair the spindle.
[10:53:41 PM] INFO Crafter_Zerank_120372934476033: Improving spindle - QL 13.294672/50.0/50.0 - Skill 50.0/50.0/50.0
[10:53:41 PM] INFO Crafter_Zerank_120372934476033: Improving spindle with file
[10:53:42 PM] INFO Crafter_Zerank_120372934476033: Received - You start filing the spindle.
[10:53:42 PM] INFO Crafter_Zerank_120372934476033: improving
[10:53:48 PM] INFO Crafter_Zerank_120372934476033: Received - You improve the spindle a bit.
[10:53:48 PM] INFO Crafter_Zerank_120372934476033: Received - The spindle could be improved with a log.
[10:53:48 PM] INFO Crafter_Zerank_120372934476033: Improving spindle - QL 15.854494/50.0/50.0 - Skill 50.0/50.0/50.0
[10:53:48 PM] INFO Crafter_Zerank_120372934476033: Improving spindle with log
[10:53:49 PM] INFO Crafter_Zerank_120372934476033: Received - You start to improve the spindle.
[10:53:49 PM] INFO Crafter_Zerank_120372934476033: improving
[10:53:55 PM] INFO Crafter_Zerank_120372934476033: Received - You improve the spindle a bit.
[10:53:55 PM] INFO Crafter_Zerank_120372934476033: Received - You must use a mallet on the spindle in order to improve it.
[10:53:55 PM] INFO Crafter_Zerank_120372934476033: Improving spindle - QL 18.520674/50.0/50.0 - Skill 50.0/50.0/50.0
[10:53:55 PM] INFO Crafter_Zerank_120372934476033: Improving spindle with mallet
[10:53:56 PM] INFO Crafter_Zerank_120372934476033: Received - You start hammering the spindle.
[10:53:56 PM] INFO Crafter_Zerank_120372934476033: improving
[10:54:04 PM] INFO Crafter_Zerank_120372934476033: Received - You must use a file to smooth out the spindle in order to improve it.
[10:54:04 PM] INFO Crafter_Zerank_120372934476033: Improving spindle - QL 19.805323/50.0/50.0 - Skill 50.0/50.0/50.0
[10:54:04 PM] INFO Crafter_Zerank_120372934476033: Improving spindle with file
[10:54:05 PM] INFO Crafter_Zerank_120372934476033: Received - You start filing the spindle.
[10:54:05 PM] INFO Crafter_Zerank_120372934476033: improving
[10:54:14 PM] INFO Crafter_Zerank_120372934476033: Received - You must use a mallet on the spindle in order to improve it.
[10:54:14 PM] INFO Crafter_Zerank_120372934476033: Improving spindle - QL 22.059843/50.0/50.0 - Skill 50.0/50.0/50.0
[10:54:14 PM] INFO Crafter_Zerank_120372934476033: Improving spindle with mallet
[10:54:15 PM] INFO Crafter_Zerank_120372934476033: Received - You start hammering the spindle.
[10:54:15 PM] INFO Crafter_Zerank_120372934476033: improving
[10:54:24 PM] INFO Crafter_Zerank_120372934476033: Received - You improve the spindle a bit.
[10:54:24 PM] INFO Crafter_Zerank_120372934476033: Received - The spindle could be improved with a log.
[10:54:24 PM] INFO Crafter_Zerank_120372934476033: Improving spindle - QL 24.518324/50.0/50.0 - Skill 50.0/50.0/50.0
[10:54:24 PM] INFO Crafter_Zerank_120372934476033: Improving spindle with log
[10:54:25 PM] INFO Crafter_Zerank_120372934476033: Received - You start to improve the spindle.
[10:54:25 PM] INFO Crafter_Zerank_120372934476033: improving
[10:54:35 PM] INFO Crafter_Zerank_120372934476033: Received - You improve the spindle a bit.
[10:54:35 PM] INFO Crafter_Zerank_120372934476033: Received - You notice some notches you must carve away in order to improve the spindle.
[10:54:35 PM] INFO Crafter_Zerank_120372934476033: Improving spindle - QL 25.660332/50.0/50.0 - Skill 50.0/50.0/50.0
[10:54:35 PM] INFO Crafter_Zerank_120372934476033: Improving spindle with carving knife
[10:54:36 PM] INFO Crafter_Zerank_120372934476033: Received - You start carving the spindle.
[10:54:36 PM] INFO Crafter_Zerank_120372934476033: improving
[10:54:44 PM] INFO Crafter_Zerank_120372934476033: Received - You improve the spindle a bit.
[10:54:44 PM] INFO Crafter_Zerank_120372934476033: Received - The spindle could be improved with a log.
[10:54:44 PM] INFO Crafter_Zerank_120372934476033: Improving spindle - QL 27.934017/50.0/50.0 - Skill 50.0/50.0/50.0
[10:54:44 PM] INFO Crafter_Zerank_120372934476033: Improving spindle with log
[10:54:45 PM] INFO Crafter_Zerank_120372934476033: Received - You start to improve the spindle.
[10:54:45 PM] INFO Crafter_Zerank_120372934476033: improving
[10:54:53 PM] INFO Crafter_Zerank_120372934476033: Received - You improve the spindle a bit.
[10:54:53 PM] INFO Crafter_Zerank_120372934476033: Received - You must use a file to smooth out the spindle in order to improve it.
[10:54:53 PM] INFO Crafter_Zerank_120372934476033: Improving spindle - QL 29.347006/50.0/50.0 - Skill 50.0/50.0/50.0
[10:54:53 PM] INFO Crafter_Zerank_120372934476033: Improving spindle with file
[10:54:54 PM] INFO Crafter_Zerank_120372934476033: Received - You start filing the spindle.
[10:54:54 PM] INFO Crafter_Zerank_120372934476033: improving
[10:55:03 PM] INFO Crafter_Zerank_120372934476033: Received - You will want to polish the spindle with a pelt to improve it.
[10:55:03 PM] INFO Crafter_Zerank_120372934476033: Improving spindle - QL 30.574514/50.0/50.0 - Skill 50.0/50.0/50.0
[10:55:03 PM] INFO Crafter_Zerank_120372934476033: Improving spindle with pelt
[10:55:04 PM] INFO Crafter_Zerank_120372934476033: Received - You start polishing the spindle.
[10:55:04 PM] INFO Crafter_Zerank_120372934476033: improving
[10:55:14 PM] INFO Crafter_Zerank_120372934476033: Received - You improve the spindle a bit.
[10:55:14 PM] INFO Crafter_Zerank_120372934476033: Received - The spindle could be improved with a log.
[10:55:14 PM] INFO Crafter_Zerank_120372934476033: Improving spindle - QL 31.486391/50.0/50.0 - Skill 50.0/50.0/50.0
[10:55:14 PM] INFO Crafter_Zerank_120372934476033: Improving spindle with log
[10:55:15 PM] INFO Crafter_Zerank_120372934476033: Received - You start to improve the spindle.
[10:55:15 PM] INFO Crafter_Zerank_120372934476033: improving
[10:55:25 PM] INFO Crafter_Zerank_120372934476033: Received - You improve the spindle a bit.
[10:55:25 PM] INFO Crafter_Zerank_120372934476033: Received - You must use a file to smooth out the spindle in order to improve it.
[10:55:25 PM] INFO Crafter_Zerank_120372934476033: Improving spindle - QL 32.633278/50.0/50.0 - Skill 50.0/50.0/50.0
[10:55:25 PM] INFO Crafter_Zerank_120372934476033: Improving spindle with file
[10:55:26 PM] INFO Crafter_Zerank_120372934476033: Received - You start filing the spindle.
[10:55:26 PM] INFO Crafter_Zerank_120372934476033: improving
[10:55:37 PM] INFO Crafter_Zerank_120372934476033: Received - You improve the spindle a bit.
[10:55:37 PM] INFO Crafter_Zerank_120372934476033: Received - The spindle could be improved with a log.
[10:55:37 PM] INFO Crafter_Zerank_120372934476033: Improving spindle - QL 33.66753/50.0/50.0 - Skill 50.0/50.0/50.0
[10:55:37 PM] INFO Crafter_Zerank_120372934476033: Improving spindle with log
[10:55:38 PM] INFO Crafter_Zerank_120372934476033: Received - You start to improve the spindle.
[10:55:38 PM] INFO Crafter_Zerank_120372934476033: improving
[10:55:50 PM] INFO Crafter_Zerank_120372934476033: Received - You improve the spindle a bit.
[10:55:50 PM] INFO Crafter_Zerank_120372934476033: Received - You must use a mallet on the spindle in order to improve it.
[10:55:50 PM] INFO Crafter_Zerank_120372934476033: Improving spindle - QL 35.227245/50.0/50.0 - Skill 50.0/50.0/50.0
[10:55:50 PM] INFO Crafter_Zerank_120372934476033: Improving spindle with mallet
[10:55:51 PM] INFO Crafter_Zerank_120372934476033: Received - You start hammering the spindle.
[10:55:51 PM] INFO Crafter_Zerank_120372934476033: improving
[10:56:04 PM] INFO Crafter_Zerank_120372934476033: Received - You must use a file to smooth out the spindle in order to improve it.
[10:56:04 PM] INFO Crafter_Zerank_120372934476033: Improving spindle - QL 35.944996/50.0/50.0 - Skill 50.0/50.0/50.0
[10:56:04 PM] INFO Crafter_Zerank_120372934476033: Improving spindle with file
[10:56:05 PM] INFO Crafter_Zerank_120372934476033: Received - You start filing the spindle.
[10:56:05 PM] INFO Crafter_Zerank_120372934476033: improving
[10:56:19 PM] INFO Crafter_Zerank_120372934476033: Received - You must use a mallet on the spindle in order to improve it.
[10:56:19 PM] INFO Crafter_Zerank_120372934476033: Improving spindle - QL 37.16457/50.0/50.0 - Skill 50.0/50.0/50.0
[10:56:19 PM] INFO Crafter_Zerank_120372934476033: Improving spindle with mallet
[10:56:20 PM] INFO Crafter_Zerank_120372934476033: Received - You start hammering the spindle.
[10:56:20 PM] INFO Crafter_Zerank_120372934476033: improving
[10:56:35 PM] INFO Crafter_Zerank_120372934476033: Received - You will want to polish the spindle with a pelt to improve it.
[10:56:35 PM] INFO Crafter_Zerank_120372934476033: Improving spindle - QL 38.02034/50.0/50.0 - Skill 50.0/50.0/50.0
[10:56:35 PM] INFO Crafter_Zerank_120372934476033: Improving spindle with pelt
[10:56:36 PM] INFO Crafter_Zerank_120372934476033: Received - You start polishing the spindle.
[10:56:36 PM] INFO Crafter_Zerank_120372934476033: improving
[10:56:51 PM] INFO Crafter_Zerank_120372934476033: Received - You notice some notches you must carve away in order to improve the spindle.
[10:56:51 PM] INFO Crafter_Zerank_120372934476033: Improving spindle - QL 39.768833/50.0/50.0 - Skill 50.0/50.0/50.0
[10:56:51 PM] INFO Crafter_Zerank_120372934476033: Improving spindle with carving knife
[10:56:52 PM] INFO Crafter_Zerank_120372934476033: Received - You start carving the spindle.
[10:56:52 PM] INFO Crafter_Zerank_120372934476033: improving
[10:57:06 PM] INFO Crafter_Zerank_120372934476033: Received - You must use a file to smooth out the spindle in order to improve it.
[10:57:06 PM] INFO Crafter_Zerank_120372934476033: Improving spindle - QL 40.9932/50.0/50.0 - Skill 50.0/50.0/50.0
[10:57:06 PM] INFO Crafter_Zerank_120372934476033: Improving spindle with file
[10:57:07 PM] INFO Crafter_Zerank_120372934476033: Received - You start filing the spindle.
[10:57:07 PM] INFO Crafter_Zerank_120372934476033: improving
[10:57:15 PM] INFO Crafter_Zerank_120372934476033: Received - You must use a mallet on the spindle in order to improve it.
[10:57:15 PM] INFO Crafter_Zerank_120372934476033: Improving spindle - QL 41.897594/50.0/50.0 - Skill 50.0/50.0/50.0
[10:57:15 PM] INFO Crafter_Zerank_120372934476033: Improving spindle with mallet
[10:57:16 PM] INFO Crafter_Zerank_120372934476033: Received - You start hammering the spindle.
[10:57:16 PM] INFO Crafter_Zerank_120372934476033: improving
[10:57:25 PM] INFO Crafter_Zerank_120372934476033: Received - You damage the spindle a little.
[10:57:25 PM] INFO Crafter_Zerank_120372934476033: Repairing spindle
[10:57:26 PM] INFO Crafter_Zerank_120372934476033: Received - You start repairing the spindle.
[10:57:26 PM] INFO Crafter_Zerank_120372934476033: repairing
[10:57:28 PM] INFO Crafter_Zerank_120372934476033: Received - You repair the spindle.
[10:57:28 PM] INFO Crafter_Zerank_120372934476033: Improving spindle - QL 41.774403/50.0/50.0 - Skill 50.0/50.0/50.0
[10:57:28 PM] INFO Crafter_Zerank_120372934476033: Improving spindle with mallet
[10:57:29 PM] INFO Crafter_Zerank_120372934476033: Received - You start hammering the spindle.
[10:57:29 PM] INFO Crafter_Zerank_120372934476033: improving
[10:57:38 PM] INFO Crafter_Zerank_120372934476033: Received - You will want to polish the spindle with a pelt to improve it.
[10:57:38 PM] INFO Crafter_Zerank_120372934476033: Improving spindle - QL 42.859135/50.0/50.0 - Skill 50.0/50.0/50.0
[10:57:38 PM] INFO Crafter_Zerank_120372934476033: Improving spindle with pelt
[10:57:39 PM] INFO Crafter_Zerank_120372934476033: Received - You start polishing the spindle.
[10:57:39 PM] INFO Crafter_Zerank_120372934476033: improving
[10:57:45 PM] INFO Crafter_Zerank_120372934476033: Received - You improve the spindle a bit.
[10:57:45 PM] INFO Crafter_Zerank_120372934476033: Received - The spindle could be improved with a log.
[10:57:45 PM] INFO Crafter_Zerank_120372934476033: Improving spindle - QL 43.652435/50.0/50.0 - Skill 50.0/50.0/50.0
[10:57:45 PM] INFO Crafter_Zerank_120372934476033: Improving spindle with log
[10:57:46 PM] INFO Crafter_Zerank_120372934476033: Received - You start to improve the spindle.
[10:57:46 PM] INFO Crafter_Zerank_120372934476033: improving
[10:57:52 PM] INFO Crafter_Zerank_120372934476033: Received - You damage the spindle a little.
[10:57:52 PM] INFO Crafter_Zerank_120372934476033: Repairing spindle
[10:57:53 PM] INFO Crafter_Zerank_120372934476033: Received - You start repairing the spindle.
[10:57:53 PM] INFO Crafter_Zerank_120372934476033: repairing
[10:57:54 PM] INFO Crafter_Zerank_120372934476033: Received - You repair the spindle.
[10:57:54 PM] INFO Crafter_Zerank_120372934476033: Improving spindle - QL 43.594833/50.0/50.0 - Skill 50.0/50.0/50.0
[10:57:54 PM] INFO Crafter_Zerank_120372934476033: Improving spindle with log
[10:57:55 PM] INFO Crafter_Zerank_120372934476033: Received - You start to improve the spindle.
[10:57:55 PM] INFO Crafter_Zerank_120372934476033: improving
[10:58:03 PM] INFO Crafter_Zerank_120372934476033: Received - You improve the spindle a bit.
[10:58:03 PM] INFO Crafter_Zerank_120372934476033: Received - You notice some notches you must carve away in order to improve the spindle.
[10:58:03 PM] INFO Crafter_Zerank_120372934476033: Improving spindle - QL 44.229057/50.0/50.0 - Skill 50.0/50.0/50.0
[10:58:03 PM] INFO Crafter_Zerank_120372934476033: Improving spindle with carving knife
[10:58:04 PM] INFO Crafter_Zerank_120372934476033: Received - You start carving the spindle.
[10:58:04 PM] INFO Crafter_Zerank_120372934476033: improving
[10:58:13 PM] INFO Crafter_Zerank_120372934476033: Received - You must use a file to smooth out the spindle in order to improve it.
[10:58:13 PM] INFO Crafter_Zerank_120372934476033: Improving spindle - QL 45.04031/50.0/50.0 - Skill 50.0/50.0/50.0
[10:58:13 PM] INFO Crafter_Zerank_120372934476033: Improving spindle with file
[10:58:14 PM] INFO Crafter_Zerank_120372934476033: Received - You start filing the spindle.
[10:58:14 PM] INFO Crafter_Zerank_120372934476033: improving
[10:58:23 PM] INFO Crafter_Zerank_120372934476033: Received - You will want to polish the spindle with a pelt to improve it.
[10:58:23 PM] INFO Crafter_Zerank_120372934476033: Improving spindle - QL 45.697655/50.0/50.0 - Skill 50.0/50.0/50.0
[10:58:23 PM] INFO Crafter_Zerank_120372934476033: Improving spindle with pelt
[10:58:24 PM] INFO Crafter_Zerank_120372934476033: Received - You start polishing the spindle.
[10:58:24 PM] INFO Crafter_Zerank_120372934476033: improving
[10:58:34 PM] INFO Crafter_Zerank_120372934476033: Received - You must use a file to smooth out the spindle in order to improve it.
[10:58:34 PM] INFO Crafter_Zerank_120372934476033: Improving spindle - QL 46.627003/50.0/50.0 - Skill 50.0/50.0/50.0
[10:58:34 PM] INFO Crafter_Zerank_120372934476033: Improving spindle with file
[10:58:35 PM] INFO Crafter_Zerank_120372934476033: Received - You start filing the spindle.
[10:58:35 PM] INFO Crafter_Zerank_120372934476033: improving
[10:58:46 PM] INFO Crafter_Zerank_120372934476033: Received - You improve the spindle a bit.
[10:58:46 PM] INFO Crafter_Zerank_120372934476033: Received - The spindle could be improved with a log.
[10:58:46 PM] INFO Crafter_Zerank_120372934476033: Improving spindle - QL 47.472538/50.0/50.0 - Skill 50.0/50.0/50.0
[10:58:46 PM] INFO Crafter_Zerank_120372934476033: Improving spindle with log
[10:58:47 PM] INFO Crafter_Zerank_120372934476033: Received - You start to improve the spindle.
[10:58:47 PM] INFO Crafter_Zerank_120372934476033: improving
[10:58:59 PM] INFO Crafter_Zerank_120372934476033: Received - You improve the spindle a bit.
[10:58:59 PM] INFO Crafter_Zerank_120372934476033: Received - You must use a file to smooth out the spindle in order to improve it.
[10:58:59 PM] INFO Crafter_Zerank_120372934476033: Improving spindle - QL 47.915157/50.0/50.0 - Skill 50.0/50.0/50.0
[10:58:59 PM] INFO Crafter_Zerank_120372934476033: Improving spindle with file
[10:59:00 PM] INFO Crafter_Zerank_120372934476033: Received - You start filing the spindle.
[10:59:00 PM] INFO Crafter_Zerank_120372934476033: improving
[10:59:13 PM] INFO Crafter_Zerank_120372934476033: Received - You will want to polish the spindle with a pelt to improve it.
[10:59:13 PM] INFO Crafter_Zerank_120372934476033: Improving spindle - QL 48.682835/50.0/50.0 - Skill 50.0/50.0/50.0
[10:59:13 PM] INFO Crafter_Zerank_120372934476033: Improving spindle with pelt
[10:59:14 PM] INFO Crafter_Zerank_120372934476033: Received - You start polishing the spindle.
[10:59:14 PM] INFO Crafter_Zerank_120372934476033: improving
[10:59:28 PM] INFO Crafter_Zerank_120372934476033: Received - You notice some notches you must carve away in order to improve the spindle.
[10:59:28 PM] INFO Crafter_Zerank_120372934476033: Improving spindle - QL 49.05977/50.0/50.0 - Skill 50.0/50.0/50.0
[10:59:28 PM] INFO Crafter_Zerank_120372934476033: Improving spindle with carving knife
[10:59:29 PM] INFO Crafter_Zerank_120372934476033: Received - You start carving the spindle.
[10:59:29 PM] INFO Crafter_Zerank_120372934476033: improving
[10:59:43 PM] INFO Crafter_Zerank_120372934476033: Received - You must use a file to smooth out the spindle in order to improve it.
[10:59:43 PM] INFO Crafter_Zerank_120372934476033: Improving spindle - QL 49.51463/50.0/50.0 - Skill 50.0/50.0/50.0
[10:59:43 PM] INFO Crafter_Zerank_120372934476033: Improving spindle with file
[10:59:44 PM] INFO Crafter_Zerank_120372934476033: Received - You start filing the spindle.
[10:59:44 PM] INFO Crafter_Zerank_120372934476033: improving
[10:59:52 PM] INFO Crafter_Zerank_120372934476033: Received - You notice some notches you must carve away in order to improve the spindle.
[10:59:52 PM] INFO Crafter_Zerank_120372934476033: Improving spindle - QL 49.977535/50.0/50.0 - Skill 50.0/50.0/50.0
[10:59:52 PM] INFO Crafter_Zerank_120372934476033: Improving spindle with carving knife
[10:59:53 PM] INFO Crafter_Zerank_120372934476033: Received - You start carving the spindle.
[10:59:53 PM] INFO Crafter_Zerank_120372934476033: improving
[11:00:02 PM] INFO Crafter_Zerank_120372934476033: Received - You improve the spindle a bit.
[11:00:02 PM] INFO Crafter_Zerank_120372934476033: Received - The spindle could be improved with a log.
[11:00:02 PM] INFO Crafter_Zerank_120372934476033: spindle is done.
[11:00:03 PM] INFO Crafter_Zerank_120372934476033: Improving mallet - QL 9.880375/50.0/50.0 - Skill 50.0/50.0/50.0
[11:00:03 PM] INFO Crafter_Zerank_120372934476033: Improving mallet with mallet
[11:00:04 PM] INFO Crafter_Zerank_120372934476033: Received - You start hammering the mallet.
[11:00:04 PM] INFO Crafter_Zerank_120372934476033: improving
[11:00:13 PM] INFO Crafter_Zerank_120372934476033: Received - You will want to polish the mallet with a pelt to improve it.
[11:00:13 PM] INFO Crafter_Zerank_120372934476033: Improving mallet - QL 15.861394/50.0/50.0 - Skill 50.0/50.0/50.0
[11:00:13 PM] INFO Crafter_Zerank_120372934476033: Improving mallet with pelt
[11:00:14 PM] INFO Crafter_Zerank_120372934476033: Received - You start polishing the mallet.
[11:00:14 PM] INFO Crafter_Zerank_120372934476033: improving
[11:00:24 PM] INFO Crafter_Zerank_120372934476033: Received - You must use a file to smooth out the mallet in order to improve it.
[11:00:24 PM] INFO Crafter_Zerank_120372934476033: Improving mallet - QL 20.164795/50.0/50.0 - Skill 50.0/50.0/50.0
[11:00:24 PM] INFO Crafter_Zerank_120372934476033: Improving mallet with file
[11:00:25 PM] INFO Crafter_Zerank_120372934476033: Received - You start filing the mallet.
[11:00:25 PM] INFO Crafter_Zerank_120372934476033: improving
[11:00:36 PM] INFO Crafter_Zerank_120372934476033: Received - You must use a mallet on the mallet in order to improve it.
[11:00:36 PM] INFO Crafter_Zerank_120372934476033: Improving mallet - QL 25.347862/50.0/50.0 - Skill 50.0/50.0/50.0
[11:00:36 PM] INFO Crafter_Zerank_120372934476033: Improving mallet with mallet
[11:00:37 PM] INFO Crafter_Zerank_120372934476033: Received - You start hammering the mallet.
[11:00:37 PM] INFO Crafter_Zerank_120372934476033: improving
[11:00:49 PM] INFO Crafter_Zerank_120372934476033: Received - You improve the mallet a bit.
[11:00:49 PM] INFO Crafter_Zerank_120372934476033: Received - The mallet could be improved with a log.
[11:00:49 PM] INFO Crafter_Zerank_120372934476033: Improving mallet - QL 28.153172/50.0/50.0 - Skill 50.0/50.0/50.0
[11:00:49 PM] INFO Crafter_Zerank_120372934476033: Improving mallet with log
[11:00:50 PM] INFO Crafter_Zerank_120372934476033: Received - You start to improve the mallet.
[11:00:50 PM] INFO Crafter_Zerank_120372934476033: improving
[11:01:03 PM] INFO Crafter_Zerank_120372934476033: Received - You improve the mallet a bit.
[11:01:03 PM] INFO Crafter_Zerank_120372934476033: Received - You will want to polish the mallet with a pelt to improve it.
[11:01:03 PM] INFO Crafter_Zerank_120372934476033: Improving mallet - QL 31.148142/50.0/50.0 - Skill 50.0/50.0/50.0
[11:01:03 PM] INFO Crafter_Zerank_120372934476033: Improving mallet with pelt
[11:01:04 PM] INFO Crafter_Zerank_120372934476033: Received - You start polishing the mallet.
[11:01:04 PM] INFO Crafter_Zerank_120372934476033: improving
[11:01:18 PM] INFO Crafter_Zerank_120372934476033: Received - You must use a file to smooth out the mallet in order to improve it.
[11:01:18 PM] INFO Crafter_Zerank_120372934476033: Improving mallet - QL 32.33683/50.0/50.0 - Skill 50.0/50.0/50.0
[11:01:18 PM] INFO Crafter_Zerank_120372934476033: Improving mallet with file
[11:01:19 PM] INFO Crafter_Zerank_120372934476033: Received - You start filing the mallet.
[11:01:19 PM] INFO Crafter_Zerank_120372934476033: improving
[11:01:34 PM] INFO Crafter_Zerank_120372934476033: Received - You will want to polish the mallet with a pelt to improve it.
[11:01:34 PM] INFO Crafter_Zerank_120372934476033: Improving mallet - QL 33.821316/50.0/50.0 - Skill 50.0/50.0/50.0
[11:01:34 PM] INFO Crafter_Zerank_120372934476033: Improving mallet with pelt
[11:01:35 PM] INFO Crafter_Zerank_120372934476033: Received - You start polishing the mallet.
[11:01:35 PM] INFO Crafter_Zerank_120372934476033: improving
[11:01:50 PM] INFO Crafter_Zerank_120372934476033: Received - You notice some notches you must carve away in order to improve the mallet.
[11:01:50 PM] INFO Crafter_Zerank_120372934476033: Improving mallet - QL 36.19314/50.0/50.0 - Skill 50.0/50.0/50.0
[11:01:50 PM] INFO Crafter_Zerank_120372934476033: Improving mallet with carving knife
[11:01:51 PM] INFO Crafter_Zerank_120372934476033: Received - You start carving the mallet.
[11:01:51 PM] INFO Crafter_Zerank_120372934476033: improving
[11:01:59 PM] INFO Crafter_Zerank_120372934476033: Received - You must use a file to smooth out the mallet in order to improve it.
[11:01:59 PM] INFO Crafter_Zerank_120372934476033: Improving mallet - QL 37.2241/50.0/50.0 - Skill 50.0/50.0/50.0
[11:01:59 PM] INFO Crafter_Zerank_120372934476033: Improving mallet with file
[11:02:00 PM] INFO Crafter_Zerank_120372934476033: Received - You start filing the mallet.
[11:02:00 PM] INFO Crafter_Zerank_120372934476033: improving
[11:02:09 PM] INFO Crafter_Zerank_120372934476033: Received - You will want to polish the mallet with a pelt to improve it.
[11:02:09 PM] INFO Crafter_Zerank_120372934476033: Improving mallet - QL 38.956913/50.0/50.0 - Skill 50.0/50.0/50.0
[11:02:09 PM] INFO Crafter_Zerank_120372934476033: Improving mallet with pelt
[11:02:10 PM] INFO Crafter_Zerank_120372934476033: Received - You start polishing the mallet.
[11:02:10 PM] INFO Crafter_Zerank_120372934476033: improving
[11:02:19 PM] INFO Crafter_Zerank_120372934476033: Received - You notice some notches you must carve away in order to improve the mallet.
[11:02:19 PM] INFO Crafter_Zerank_120372934476033: Improving mallet - QL 40.991882/50.0/50.0 - Skill 50.0/50.0/50.0
[11:02:19 PM] INFO Crafter_Zerank_120372934476033: Improving mallet with carving knife
[11:02:20 PM] INFO Crafter_Zerank_120372934476033: Received - You start carving the mallet.
[11:02:20 PM] INFO Crafter_Zerank_120372934476033: improving
[11:02:30 PM] INFO Crafter_Zerank_120372934476033: Received - You improve the mallet a bit.
[11:02:30 PM] INFO Crafter_Zerank_120372934476033: Received - The mallet could be improved with a log.
[11:02:30 PM] INFO Crafter_Zerank_120372934476033: Improving mallet - QL 42.948635/50.0/50.0 - Skill 50.0/50.0/50.0
[11:02:30 PM] INFO Crafter_Zerank_120372934476033: Improving mallet with log
[11:02:31 PM] INFO Crafter_Zerank_120372934476033: Received - You start to improve the mallet.
[11:02:31 PM] INFO Crafter_Zerank_120372934476033: improving
[11:02:42 PM] INFO Crafter_Zerank_120372934476033: Received - You damage the mallet a little.
[11:02:42 PM] INFO Crafter_Zerank_120372934476033: Repairing mallet
[11:02:43 PM] INFO Crafter_Zerank_120372934476033: Received - You start repairing the mallet.
[11:02:43 PM] INFO Crafter_Zerank_120372934476033: repairing
[11:02:45 PM] INFO Crafter_Zerank_120372934476033: Received - You repair the mallet.
[11:02:45 PM] INFO Crafter_Zerank_120372934476033: Improving mallet - QL 42.80221/50.0/50.0 - Skill 50.0/50.0/50.0
[11:02:45 PM] INFO Crafter_Zerank_120372934476033: Improving mallet with log
[11:02:46 PM] INFO Crafter_Zerank_120372934476033: Received - You start to improve the mallet.
[11:02:46 PM] INFO Crafter_Zerank_120372934476033: improving
[11:02:58 PM] INFO Crafter_Zerank_120372934476033: Received - You improve the mallet a bit.
[11:02:58 PM] INFO Crafter_Zerank_120372934476033: Received - The mallet could be improved with some more log.
[11:02:58 PM] INFO Crafter_Zerank_120372934476033: Improving mallet - QL 43.947247/50.0/50.0 - Skill 50.0/50.0/50.0
[11:02:58 PM] INFO Crafter_Zerank_120372934476033: Improving mallet with log
[11:02:59 PM] INFO Crafter_Zerank_120372934476033: Received - You start to improve the mallet.
[11:02:59 PM] INFO Crafter_Zerank_120372934476033: improving
[11:03:12 PM] INFO Crafter_Zerank_120372934476033: Received - You improve the mallet a bit.
[11:03:12 PM] INFO Crafter_Zerank_120372934476033: Received - You must use a file to smooth out the mallet in order to improve it.
[11:03:12 PM] INFO Crafter_Zerank_120372934476033: Improving mallet - QL 44.995842/50.0/50.0 - Skill 50.0/50.0/50.0
[11:03:12 PM] INFO Crafter_Zerank_120372934476033: Improving mallet with file
[11:03:13 PM] INFO Crafter_Zerank_120372934476033: Received - You start filing the mallet.
[11:03:13 PM] INFO Crafter_Zerank_120372934476033: improving
[11:03:27 PM] INFO Crafter_Zerank_120372934476033: Received - You notice some notches you must carve away in order to improve the mallet.
[11:03:27 PM] INFO Crafter_Zerank_120372934476033: Improving mallet - QL 46.578743/50.0/50.0 - Skill 50.0/50.0/50.0
[11:03:27 PM] INFO Crafter_Zerank_120372934476033: Improving mallet with carving knife
[11:03:28 PM] INFO Crafter_Zerank_120372934476033: Received - You start carving the mallet.
[11:03:28 PM] INFO Crafter_Zerank_120372934476033: improving
[11:03:43 PM] INFO Crafter_Zerank_120372934476033: Received - You will want to polish the mallet with a pelt to improve it.
[11:03:43 PM] INFO Crafter_Zerank_120372934476033: Improving mallet - QL 47.797886/50.0/50.0 - Skill 50.0/50.0/50.0
[11:03:43 PM] INFO Crafter_Zerank_120372934476033: Improving mallet with pelt
[11:03:44 PM] INFO Crafter_Zerank_120372934476033: Received - You start polishing the mallet.
[11:03:44 PM] INFO Crafter_Zerank_120372934476033: improving
[11:03:59 PM] INFO Crafter_Zerank_120372934476033: Received - You must use a file to smooth out the mallet in order to improve it.
[11:03:59 PM] INFO Crafter_Zerank_120372934476033: Improving mallet - QL 49.460068/50.0/50.0 - Skill 50.0/50.0/50.0
[11:03:59 PM] INFO Crafter_Zerank_120372934476033: Improving mallet with file
[11:04:00 PM] INFO Crafter_Zerank_120372934476033: Received - You start filing the mallet.
[11:04:00 PM] INFO Crafter_Zerank_120372934476033: improving
[11:04:08 PM] INFO Crafter_Zerank_120372934476033: Received - You must use a mallet on the mallet in order to improve it.
[11:04:08 PM] INFO Crafter_Zerank_120372934476033: mallet is done.
[11:04:09 PM] INFO Crafter_Zerank_120372934476033: Repairing leather glove
[11:04:10 PM] INFO Crafter_Zerank_120372934476033: Received - You start repairing the leather glove.
[11:04:10 PM] INFO Crafter_Zerank_120372934476033: repairing
[11:04:12 PM] INFO Crafter_Zerank_120372934476033: Received - You repair the leather glove.
[11:04:12 PM] INFO Crafter_Zerank_120372934476033: Improving leather glove - QL 15.676133/50.0/50.0 - Skill 50.0/50.0/50.0
[11:04:12 PM] INFO Crafter_Zerank_120372934476033: Improving leather glove with leather knife
[11:04:13 PM] INFO Crafter_Zerank_120372934476033: Received - You start cutting the leather glove.
[11:04:13 PM] INFO Crafter_Zerank_120372934476033: improving
[11:04:22 PM] INFO Crafter_Zerank_120372934476033: Received - The leather glove has some holes and must be tailored with an iron needle to improve.
[11:04:22 PM] INFO Crafter_Zerank_120372934476033: Improving leather glove - QL 22.640667/50.0/50.0 - Skill 50.0/50.0/50.0
[11:04:22 PM] INFO Crafter_Zerank_120372934476033: Improving leather glove with needle
[11:04:23 PM] INFO Crafter_Zerank_120372934476033: Received - You start sewing the leather glove.
[11:04:23 PM] INFO Crafter_Zerank_120372934476033: improving
[11:04:32 PM] INFO Crafter_Zerank_120372934476033: Received - The leather glove has some excess leather that needs to be cut away with a leather knife.
[11:04:32 PM] INFO Crafter_Zerank_120372934476033: Improving leather glove - QL 25.812073/50.0/50.0 - Skill 50.0/50.0/50.0
[11:04:32 PM] INFO Crafter_Zerank_120372934476033: Improving leather glove with leather knife
[11:04:33 PM] INFO Crafter_Zerank_120372934476033: Received - You start cutting the leather glove.
[11:04:33 PM] INFO Crafter_Zerank_120372934476033: improving
[11:04:43 PM] INFO Crafter_Zerank_120372934476033: Received - A mallet must be used on the leather glove in order to smooth out a quirk.
[11:04:43 PM] INFO Crafter_Zerank_120372934476033: Improving leather glove - QL 29.923653/50.0/50.0 - Skill 50.0/50.0/50.0
[11:04:43 PM] INFO Crafter_Zerank_120372934476033: Improving leather glove with mallet
[11:04:44 PM] INFO Crafter_Zerank_120372934476033: Received - You start hammering the leather glove.
[11:04:44 PM] INFO Crafter_Zerank_120372934476033: improving
[11:04:55 PM] INFO Crafter_Zerank_120372934476033: Received - The leather glove needs some holes punched with an awl.
[11:04:55 PM] INFO Crafter_Zerank_120372934476033: Improving leather glove - QL 32.759796/50.0/50.0 - Skill 50.0/50.0/50.0
[11:04:55 PM] INFO Crafter_Zerank_120372934476033: Improving leather glove with awl
[11:04:56 PM] INFO Crafter_Zerank_120372934476033: Received - You start punching the leather glove.
[11:04:56 PM] INFO Crafter_Zerank_120372934476033: improving
[11:05:08 PM] INFO Crafter_Zerank_120372934476033: Received - The leather glove has some excess leather that needs to be cut away with a leather knife.
[11:05:08 PM] INFO Crafter_Zerank_120372934476033: Improving leather glove - QL 35.328453/50.0/50.0 - Skill 50.0/50.0/50.0
[11:05:08 PM] INFO Crafter_Zerank_120372934476033: Improving leather glove with leather knife
[11:05:09 PM] INFO Crafter_Zerank_120372934476033: Received - You start cutting the leather glove.
[11:05:09 PM] INFO Crafter_Zerank_120372934476033: improving
[11:05:22 PM] INFO Crafter_Zerank_120372934476033: Received - The leather glove needs some holes punched with an awl.
[11:05:22 PM] INFO Crafter_Zerank_120372934476033: Improving leather glove - QL 37.739334/50.0/50.0 - Skill 50.0/50.0/50.0
[11:05:22 PM] INFO Crafter_Zerank_120372934476033: Improving leather glove with awl
[11:05:23 PM] INFO Crafter_Zerank_120372934476033: Received - You start punching the leather glove.
[11:05:23 PM] INFO Crafter_Zerank_120372934476033: improving
[11:05:37 PM] INFO Crafter_Zerank_120372934476033: Received - The leather glove has some holes and must be tailored with an iron needle to improve.
[11:05:37 PM] INFO Crafter_Zerank_120372934476033: Improving leather glove - QL 40.32289/50.0/50.0 - Skill 50.0/50.0/50.0
[11:05:37 PM] INFO Crafter_Zerank_120372934476033: Improving leather glove with needle
[11:05:38 PM] INFO Crafter_Zerank_120372934476033: Received - You start sewing the leather glove.
[11:05:38 PM] INFO Crafter_Zerank_120372934476033: improving
[11:05:53 PM] INFO Crafter_Zerank_120372934476033: Received - The leather glove needs some holes punched with an awl.
[11:05:53 PM] INFO Crafter_Zerank_120372934476033: Improving leather glove - QL 42.591297/50.0/50.0 - Skill 50.0/50.0/50.0
[11:05:53 PM] INFO Crafter_Zerank_120372934476033: Improving leather glove with awl
[11:05:54 PM] INFO Crafter_Zerank_120372934476033: Received - You start punching the leather glove.
[11:05:54 PM] INFO Crafter_Zerank_120372934476033: improving
[11:06:09 PM] INFO Crafter_Zerank_120372934476033: Received - The leather glove has some holes and must be tailored with an iron needle to improve.
[11:06:09 PM] INFO Crafter_Zerank_120372934476033: Improving leather glove - QL 44.38965/50.0/50.0 - Skill 50.0/50.0/50.0
[11:06:09 PM] INFO Crafter_Zerank_120372934476033: Improving leather glove with needle
[11:06:10 PM] INFO Crafter_Zerank_120372934476033: Received - You start sewing the leather glove.
[11:06:10 PM] INFO Crafter_Zerank_120372934476033: improving
[11:06:25 PM] INFO Crafter_Zerank_120372934476033: Received - You improve the leather glove a bit.
[11:06:25 PM] INFO Crafter_Zerank_120372934476033: Received - The leather glove could be improved with a leather.
[11:06:25 PM] INFO Crafter_Zerank_120372934476033: Improving leather glove - QL 46.29277/50.0/50.0 - Skill 50.0/50.0/50.0
[11:06:25 PM] INFO Crafter_Zerank_120372934476033: Improving leather glove with leather
[11:06:26 PM] INFO Crafter_Zerank_120372934476033: Received - You start to improve the leather glove.
[11:06:26 PM] INFO Crafter_Zerank_120372934476033: improving
[11:06:41 PM] INFO Crafter_Zerank_120372934476033: Received - You improve the leather glove a bit.
[11:06:41 PM] INFO Crafter_Zerank_120372934476033: Received - The leather glove has some holes and must be tailored with an iron needle to improve.
[11:06:41 PM] INFO Crafter_Zerank_120372934476033: Improving leather glove - QL 47.225098/50.0/50.0 - Skill 50.0/50.0/50.0
[11:06:41 PM] INFO Crafter_Zerank_120372934476033: Improving leather glove with needle
[11:06:42 PM] INFO Crafter_Zerank_120372934476033: Received - You start sewing the leather glove.
[11:06:42 PM] INFO Crafter_Zerank_120372934476033: improving
[11:06:57 PM] INFO Crafter_Zerank_120372934476033: Received - The leather glove needs some holes punched with an awl.
[11:06:57 PM] INFO Crafter_Zerank_120372934476033: Improving leather glove - QL 48.453045/50.0/50.0 - Skill 50.0/50.0/50.0
[11:06:57 PM] INFO Crafter_Zerank_120372934476033: Improving leather glove with awl
[11:06:58 PM] INFO Crafter_Zerank_120372934476033: Received - You start punching the leather glove.
[11:06:58 PM] INFO Crafter_Zerank_120372934476033: improving
[11:07:13 PM] INFO Crafter_Zerank_120372934476033: Received - A mallet must be used on the leather glove in order to smooth out a quirk.
[11:07:13 PM] INFO Crafter_Zerank_120372934476033: Improving leather glove - QL 49.525356/50.0/50.0 - Skill 50.0/50.0/50.0
[11:07:13 PM] INFO Crafter_Zerank_120372934476033: Improving leather glove with mallet
[11:07:14 PM] INFO Crafter_Zerank_120372934476033: Received - You start hammering the leather glove.
[11:07:14 PM] INFO Crafter_Zerank_120372934476033: improving
[11:07:29 PM] INFO Crafter_Zerank_120372934476033: Received - The leather glove has some holes and must be tailored with an iron needle to improve.
[11:07:29 PM] INFO Crafter_Zerank_120372934476033: leather glove is done.
[11:07:30 PM] INFO Crafter_Zerank_120372934476033: Repairing leather glove
[11:07:31 PM] INFO Crafter_Zerank_120372934476033: Received - You start repairing the leather glove.
[11:07:31 PM] INFO Crafter_Zerank_120372934476033: repairing
[11:07:33 PM] INFO Crafter_Zerank_120372934476033: Received - You repair the leather glove.
[11:07:33 PM] INFO Crafter_Zerank_120372934476033: Improving leather glove - QL 6.770376/50.0/50.0 - Skill 50.0/50.0/50.0
[11:07:33 PM] INFO Crafter_Zerank_120372934476033: Improving leather glove with leather knife
[11:07:34 PM] INFO Crafter_Zerank_120372934476033: Received - You start cutting the leather glove.
[11:07:34 PM] INFO Crafter_Zerank_120372934476033: improving
[11:07:49 PM] INFO Crafter_Zerank_120372934476033: Received - A mallet must be used on the leather glove in order to smooth out a quirk.
[11:07:49 PM] INFO Crafter_Zerank_120372934476033: Improving leather glove - QL 15.181549/50.0/50.0 - Skill 50.0/50.0/50.0
[11:07:49 PM] INFO Crafter_Zerank_120372934476033: Improving leather glove with mallet
[11:07:50 PM] INFO Crafter_Zerank_120372934476033: Received - You start hammering the leather glove.
[11:07:50 PM] INFO Crafter_Zerank_120372934476033: improving
[11:08:05 PM] INFO Crafter_Zerank_120372934476033: Received - The leather glove needs some holes punched with an awl.
[11:08:05 PM] INFO Crafter_Zerank_120372934476033: Improving leather glove - QL 20.378708/50.0/50.0 - Skill 50.0/50.0/50.0
[11:08:05 PM] INFO Crafter_Zerank_120372934476033: Improving leather glove with awl
[11:08:06 PM] INFO Crafter_Zerank_120372934476033: Received - You start punching the leather glove.
[11:08:06 PM] INFO Crafter_Zerank_120372934476033: improving
[11:08:14 PM] INFO Crafter_Zerank_120372934476033: Received - A mallet must be used on the leather glove in order to smooth out a quirk.
[11:08:14 PM] INFO Crafter_Zerank_120372934476033: Improving leather glove - QL 22.708687/50.0/50.0 - Skill 50.0/50.0/50.0
[11:08:14 PM] INFO Crafter_Zerank_120372934476033: Improving leather glove with mallet
[11:08:15 PM] INFO Crafter_Zerank_120372934476033: Received - You start hammering the leather glove.
[11:08:15 PM] INFO Crafter_Zerank_120372934476033: improving
[11:08:24 PM] INFO Crafter_Zerank_120372934476033: Received - The leather glove has some excess leather that needs to be cut away with a leather knife.
[11:08:24 PM] INFO Crafter_Zerank_120372934476033: Improving leather glove - QL 25.597569/50.0/50.0 - Skill 50.0/50.0/50.0
[11:08:24 PM] INFO Crafter_Zerank_120372934476033: Improving leather glove with leather knife
[11:08:25 PM] INFO Crafter_Zerank_120372934476033: Received - You start cutting the leather glove.
[11:08:25 PM] INFO Crafter_Zerank_120372934476033: improving
[11:08:34 PM] INFO Crafter_Zerank_120372934476033: Received - You improve the leather glove a bit.
[11:08:34 PM] INFO Crafter_Zerank_120372934476033: Received - The leather glove could be improved with a leather.
[11:08:34 PM] INFO Crafter_Zerank_120372934476033: Improving leather glove - QL 28.878113/50.0/50.0 - Skill 50.0/50.0/50.0
[11:08:34 PM] INFO Crafter_Zerank_120372934476033: Improving leather glove with leather
[11:08:35 PM] INFO Crafter_Zerank_120372934476033: Received - You start to improve the leather glove.
[11:08:35 PM] INFO Crafter_Zerank_120372934476033: improving
[11:08:45 PM] INFO Crafter_Zerank_120372934476033: Received - You improve the leather glove a bit.
[11:08:45 PM] INFO Crafter_Zerank_120372934476033: Received - The leather glove could be improved with some more leather.
[11:08:45 PM] INFO Crafter_Zerank_120372934476033: Improving leather glove - QL 32.17978/50.0/50.0 - Skill 50.0/50.0/50.0
[11:08:45 PM] INFO Crafter_Zerank_120372934476033: Improving leather glove with leather
[11:08:46 PM] INFO Crafter_Zerank_120372934476033: Received - You start to improve the leather glove.
[11:08:46 PM] INFO Crafter_Zerank_120372934476033: improving
[11:08:57 PM] INFO Crafter_Zerank_120372934476033: Received - You improve the leather glove a bit.
[11:08:57 PM] INFO Crafter_Zerank_120372934476033: Received - The leather glove has some holes and must be tailored with an iron needle to improve.
[11:08:57 PM] INFO Crafter_Zerank_120372934476033: Improving leather glove - QL 34.98298/50.0/50.0 - Skill 50.0/50.0/50.0
[11:08:57 PM] INFO Crafter_Zerank_120372934476033: Improving leather glove with needle
[11:08:58 PM] INFO Crafter_Zerank_120372934476033: Received - You start sewing the leather glove.
[11:08:58 PM] INFO Crafter_Zerank_120372934476033: improving
[11:09:10 PM] INFO Crafter_Zerank_120372934476033: Received - The leather glove needs some holes punched with an awl.
[11:09:10 PM] INFO Crafter_Zerank_120372934476033: Improving leather glove - QL 37.601456/50.0/50.0 - Skill 50.0/50.0/50.0
[11:09:10 PM] INFO Crafter_Zerank_120372934476033: Improving leather glove with awl
[11:09:11 PM] INFO Crafter_Zerank_120372934476033: Received - You start punching the leather glove.
[11:09:11 PM] INFO Crafter_Zerank_120372934476033: improving
[11:09:24 PM] INFO Crafter_Zerank_120372934476033: Received - The leather glove has some excess leather that needs to be cut away with a leather knife.
[11:09:24 PM] INFO Crafter_Zerank_120372934476033: Improving leather glove - QL 39.406803/50.0/50.0 - Skill 50.0/50.0/50.0
[11:09:24 PM] INFO Crafter_Zerank_120372934476033: Improving leather glove with leather knife
[11:09:25 PM] INFO Crafter_Zerank_120372934476033: Received - You start cutting the leather glove.
[11:09:25 PM] INFO Crafter_Zerank_120372934476033: improving
[11:09:39 PM] INFO Crafter_Zerank_120372934476033: Received - You improve the leather glove a bit.
[11:09:39 PM] INFO Crafter_Zerank_120372934476033: Received - The leather glove could be improved with a leather.
[11:09:39 PM] INFO Crafter_Zerank_120372934476033: Improving leather glove - QL 41.32093/50.0/50.0 - Skill 50.0/50.0/50.0
[11:09:39 PM] INFO Crafter_Zerank_120372934476033: Improving leather glove with leather
[11:09:40 PM] INFO Crafter_Zerank_120372934476033: Received - You start to improve the leather glove.
[11:09:40 PM] INFO Crafter_Zerank_120372934476033: improving
[11:09:55 PM] INFO Crafter_Zerank_120372934476033: Received - You improve the leather glove a bit.
[11:09:55 PM] INFO Crafter_Zerank_120372934476033: Received - The leather glove has some excess leather that needs to be cut away with a leather knife.
[11:09:55 PM] INFO Crafter_Zerank_120372934476033: Improving leather glove - QL 44.04735/50.0/50.0 - Skill 50.0/50.0/50.0
[11:09:55 PM] INFO Crafter_Zerank_120372934476033: Improving leather glove with leather knife
[11:09:56 PM] INFO Crafter_Zerank_120372934476033: Received - You start cutting the leather glove.
[11:09:56 PM] INFO Crafter_Zerank_120372934476033: improving
[11:10:11 PM] INFO Crafter_Zerank_120372934476033: Received - A mallet must be used on the leather glove in order to smooth out a quirk.
[11:10:11 PM] INFO Crafter_Zerank_120372934476033: Improving leather glove - QL 45.22032/50.0/50.0 - Skill 50.0/50.0/50.0
[11:10:11 PM] INFO Crafter_Zerank_120372934476033: Improving leather glove with mallet
[11:10:12 PM] INFO Crafter_Zerank_120372934476033: Received - You start hammering the leather glove.
[11:10:12 PM] INFO Crafter_Zerank_120372934476033: improving
[11:10:27 PM] INFO Crafter_Zerank_120372934476033: Received - The leather glove needs some holes punched with an awl.
[11:10:27 PM] INFO Crafter_Zerank_120372934476033: Improving leather glove - QL 46.100605/50.0/50.0 - Skill 50.0/50.0/50.0
[11:10:27 PM] INFO Crafter_Zerank_120372934476033: Improving leather glove with awl
[11:10:28 PM] INFO Crafter_Zerank_120372934476033: Received - You start punching the leather glove.
[11:10:28 PM] INFO Crafter_Zerank_120372934476033: improving
[11:10:43 PM] INFO Crafter_Zerank_120372934476033: Received - You improve the leather glove a bit.
[11:10:43 PM] INFO Crafter_Zerank_120372934476033: Received - The leather glove could be improved with a leather.
[11:10:43 PM] INFO Crafter_Zerank_120372934476033: Improving leather glove - QL 47.34101/50.0/50.0 - Skill 50.0/50.0/50.0
[11:10:43 PM] INFO Crafter_Zerank_120372934476033: Improving leather glove with leather
[11:10:44 PM] INFO Crafter_Zerank_120372934476033: Received - You start to improve the leather glove.
[11:10:44 PM] INFO Crafter_Zerank_120372934476033: improving
[11:10:52 PM] INFO Crafter_Zerank_120372934476033: Received - You improve the leather glove a bit.
[11:10:52 PM] INFO Crafter_Zerank_120372934476033: Received - The leather glove could be improved with some more leather.
[11:10:52 PM] INFO Crafter_Zerank_120372934476033: Improving leather glove - QL 48.75206/50.0/50.0 - Skill 50.0/50.0/50.0
[11:10:52 PM] INFO Crafter_Zerank_120372934476033: Improving leather glove with leather
[11:10:53 PM] INFO Crafter_Zerank_120372934476033: Received - You start to improve the leather glove.
[11:10:53 PM] INFO Crafter_Zerank_120372934476033: improving
[11:11:02 PM] INFO Crafter_Zerank_120372934476033: Received - You improve the leather glove a bit.
[11:11:02 PM] INFO Crafter_Zerank_120372934476033: Received - The leather glove has some holes and must be tailored with an iron needle to improve.
[11:11:02 PM] INFO Crafter_Zerank_120372934476033: Improving leather glove - QL 49.536198/50.0/50.0 - Skill 50.0/50.0/50.0
[11:11:02 PM] INFO Crafter_Zerank_120372934476033: Improving leather glove with needle
[11:11:03 PM] INFO Crafter_Zerank_120372934476033: Received - You start sewing the leather glove.
[11:11:03 PM] INFO Crafter_Zerank_120372934476033: improving
[11:11:12 PM] INFO Crafter_Zerank_120372934476033: Received - The leather glove has some excess leather that needs to be cut away with a leather knife.
[11:11:12 PM] INFO Crafter_Zerank_120372934476033: leather glove is done.
[11:11:13 PM] INFO Crafter_Zerank_120372934476033: Repairing leather jacket
[11:11:14 PM] INFO Crafter_Zerank_120372934476033: Received - You start repairing the leather jacket.
[11:11:14 PM] INFO Crafter_Zerank_120372934476033: repairing
[11:11:15 PM] INFO Crafter_Zerank_120372934476033: Received - You repair the leather jacket.
[11:11:15 PM] INFO Crafter_Zerank_120372934476033: Improving leather jacket - QL 19.196245/50.0/50.0 - Skill 50.0/50.0/50.0
[11:11:15 PM] INFO Crafter_Zerank_120372934476033: Improving leather jacket with awl
[11:11:16 PM] INFO Crafter_Zerank_120372934476033: Received - You start punching the leather jacket.
[11:11:16 PM] INFO Crafter_Zerank_120372934476033: improving
[11:11:26 PM] INFO Crafter_Zerank_120372934476033: Received - You improve the leather jacket a bit.
[11:11:26 PM] INFO Crafter_Zerank_120372934476033: Received - The leather jacket could be improved with a leather.
[11:11:26 PM] INFO Crafter_Zerank_120372934476033: Improving leather jacket - QL 22.76025/50.0/50.0 - Skill 50.0/50.0/50.0
[11:11:26 PM] INFO Crafter_Zerank_120372934476033: Improving leather jacket with leather
[11:11:27 PM] INFO Crafter_Zerank_120372934476033: Received - You start to improve the leather jacket.
[11:11:27 PM] INFO Crafter_Zerank_120372934476033: improving
[11:11:32 PM] INFO Crafter_Zerank_120372934476033: Received - You improve the leather jacket a bit.
[11:11:32 PM] INFO Crafter_Zerank_120372934476033: Received - The leather jacket has some excess leather that needs to be cut away with a leather knife.
[11:11:32 PM] INFO Crafter_Zerank_120372934476033: Improving leather jacket - QL 24.927685/50.0/50.0 - Skill 50.0/50.0/50.0
[11:11:32 PM] INFO Crafter_Zerank_120372934476033: Improving leather jacket with leather knife
[11:11:33 PM] INFO Crafter_Zerank_120372934476033: Received - You start cutting the leather jacket.
[11:11:33 PM] INFO Crafter_Zerank_120372934476033: improving
[11:11:39 PM] INFO Crafter_Zerank_120372934476033: Received - The leather jacket needs some holes punched with an awl.
[11:11:39 PM] INFO Crafter_Zerank_120372934476033: Improving leather jacket - QL 27.469597/50.0/50.0 - Skill 50.0/50.0/50.0
[11:11:39 PM] INFO Crafter_Zerank_120372934476033: Improving leather jacket with awl
[11:11:40 PM] INFO Crafter_Zerank_120372934476033: Received - You start punching the leather jacket.
[11:11:40 PM] INFO Crafter_Zerank_120372934476033: improving
[11:11:48 PM] INFO Crafter_Zerank_120372934476033: Received - The leather jacket has some holes and must be tailored with an iron needle to improve.
[11:11:48 PM] INFO Crafter_Zerank_120372934476033: Improving leather jacket - QL 31.324854/50.0/50.0 - Skill 50.0/50.0/50.0
[11:11:48 PM] INFO Crafter_Zerank_120372934476033: Improving leather jacket with needle
[11:11:49 PM] INFO Crafter_Zerank_120372934476033: Received - You start sewing the leather jacket.
[11:11:49 PM] INFO Crafter_Zerank_120372934476033: improving
[11:11:57 PM] INFO Crafter_Zerank_120372934476033: Received - You improve the leather jacket a bit.
[11:11:57 PM] INFO Crafter_Zerank_120372934476033: Received - The leather jacket could be improved with a leather.
[11:11:57 PM] INFO Crafter_Zerank_120372934476033: Improving leather jacket - QL 33.24216/50.0/50.0 - Skill 50.0/50.0/50.0
[11:11:57 PM] INFO Crafter_Zerank_120372934476033: Improving leather jacket with leather
[11:11:58 PM] INFO Crafter_Zerank_120372934476033: Received - You start to improve the leather jacket.
[11:11:58 PM] INFO Crafter_Zerank_120372934476033: improving
[11:12:07 PM] INFO Crafter_Zerank_120372934476033: Received - You improve the leather jacket a bit.
[11:12:07 PM] INFO Crafter_Zerank_120372934476033: Received - The leather jacket has some excess leather that needs to be cut away with a leather knife.
[11:12:07 PM] INFO Crafter_Zerank_120372934476033: Improving leather jacket - QL 34.785618/50.0/50.0 - Skill 50.0/50.0/50.0
[11:12:07 PM] INFO Crafter_Zerank_120372934476033: Improving leather jacket with leather knife
[11:12:08 PM] INFO Crafter_Zerank_120372934476033: Received - You start cutting the leather jacket.
[11:12:08 PM] INFO Crafter_Zerank_120372934476033: improving
[11:12:18 PM] INFO Crafter_Zerank_120372934476033: Received - The leather jacket has some holes and must be tailored with an iron needle to improve.
[11:12:18 PM] INFO Crafter_Zerank_120372934476033: Improving leather jacket - QL 36.799644/50.0/50.0 - Skill 50.0/50.0/50.0
[11:12:18 PM] INFO Crafter_Zerank_120372934476033: Improving leather jacket with needle
[11:12:19 PM] INFO Crafter_Zerank_120372934476033: Received - You start sewing the leather jacket.
[11:12:19 PM] INFO Crafter_Zerank_120372934476033: improving
[11:12:30 PM] INFO Crafter_Zerank_120372934476033: Received - The leather jacket has some excess leather that needs to be cut away with a leather knife.
[11:12:30 PM] INFO Crafter_Zerank_120372934476033: Improving leather jacket - QL 38.55354/50.0/50.0 - Skill 50.0/50.0/50.0
[11:12:30 PM] INFO Crafter_Zerank_120372934476033: Improving leather jacket with leather knife
[11:12:31 PM] INFO Crafter_Zerank_120372934476033: Received - You start cutting the leather jacket.
[11:12:31 PM] INFO Crafter_Zerank_120372934476033: improving
[11:12:43 PM] INFO Crafter_Zerank_120372934476033: Received - You improve the leather jacket a bit.
[11:12:43 PM] INFO Crafter_Zerank_120372934476033: Received - The leather jacket could be improved with a leather.
[11:12:43 PM] INFO Crafter_Zerank_120372934476033: Improving leather jacket - QL 41.36203/50.0/50.0 - Skill 50.0/50.0/50.0
[11:12:43 PM] INFO Crafter_Zerank_120372934476033: Improving leather jacket with leather
[11:12:44 PM] INFO Crafter_Zerank_120372934476033: Received - You start to improve the leather jacket.
[11:12:44 PM] INFO Crafter_Zerank_120372934476033: improving
[11:12:56 PM] INFO Crafter_Zerank_120372934476033: Received - You improve the leather jacket a bit.
[11:12:56 PM] INFO Crafter_Zerank_120372934476033: Received - The leather jacket could be improved with some more leather.
[11:12:56 PM] INFO Crafter_Zerank_120372934476033: Improving leather jacket - QL 43.532818/50.0/50.0 - Skill 50.0/50.0/50.0
[11:12:56 PM] INFO Crafter_Zerank_120372934476033: Improving leather jacket with leather
[11:12:57 PM] INFO Crafter_Zerank_120372934476033: Received - You start to improve the leather jacket.
[11:12:57 PM] INFO Crafter_Zerank_120372934476033: improving
[11:13:11 PM] INFO Crafter_Zerank_120372934476033: Received - You improve the leather jacket a bit.
[11:13:11 PM] INFO Crafter_Zerank_120372934476033: Received - A mallet must be used on the leather jacket in order to smooth out a quirk.
[11:13:11 PM] INFO Crafter_Zerank_120372934476033: Improving leather jacket - QL 45.221745/50.0/50.0 - Skill 50.0/50.0/50.0
[11:13:11 PM] INFO Crafter_Zerank_120372934476033: Improving leather jacket with mallet
[11:13:12 PM] INFO Crafter_Zerank_120372934476033: Received - You start hammering the leather jacket.
[11:13:12 PM] INFO Crafter_Zerank_120372934476033: improving
[11:13:27 PM] INFO Crafter_Zerank_120372934476033: Received - The leather jacket needs some holes punched with an awl.
[11:13:27 PM] INFO Crafter_Zerank_120372934476033: Improving leather jacket - QL 46.26033/50.0/50.0 - Skill 50.0/50.0/50.0
[11:13:27 PM] INFO Crafter_Zerank_120372934476033: Improving leather jacket with awl
[11:13:28 PM] INFO Crafter_Zerank_120372934476033: Received - You start punching the leather jacket.
[11:13:28 PM] INFO Crafter_Zerank_120372934476033: improving
[11:13:43 PM] INFO Crafter_Zerank_120372934476033: Received - A mallet must be used on the leather jacket in order to smooth out a quirk.
[11:13:43 PM] INFO Crafter_Zerank_120372934476033: Improving leather jacket - QL 47.064377/50.0/50.0 - Skill 50.0/50.0/50.0
[11:13:43 PM] INFO Crafter_Zerank_120372934476033: Improving leather jacket with mallet
[11:13:44 PM] INFO Crafter_Zerank_120372934476033: Received - You start hammering the leather jacket.
[11:13:44 PM] INFO Crafter_Zerank_120372934476033: improving
[11:13:52 PM] INFO Crafter_Zerank_120372934476033: Received - The leather jacket needs some holes punched with an awl.
[11:13:52 PM] INFO Crafter_Zerank_120372934476033: Improving leather jacket - QL 47.9026/50.0/50.0 - Skill 50.0/50.0/50.0
[11:13:52 PM] INFO Crafter_Zerank_120372934476033: Improving leather jacket with awl
[11:13:53 PM] INFO Crafter_Zerank_120372934476033: Received - You start punching the leather jacket.
[11:13:53 PM] INFO Crafter_Zerank_120372934476033: improving
[11:14:02 PM] INFO Crafter_Zerank_120372934476033: Received - The leather jacket has some holes and must be tailored with an iron needle to improve.
[11:14:02 PM] INFO Crafter_Zerank_120372934476033: Improving leather jacket - QL 49.531334/50.0/50.0 - Skill 50.0/50.0/50.0
[11:14:02 PM] INFO Crafter_Zerank_120372934476033: Improving leather jacket with needle
[11:14:03 PM] INFO Crafter_Zerank_120372934476033: Received - You start sewing the leather jacket.
[11:14:03 PM] INFO Crafter_Zerank_120372934476033: improving
[11:14:11 PM] INFO Crafter_Zerank_120372934476033: Received - A mallet must be used on the leather jacket in order to smooth out a quirk.
[11:14:11 PM] INFO Crafter_Zerank_120372934476033: leather jacket is done.
[11:14:12 PM] INFO Crafter_Zerank_120372934476033: Repairing leather pants
[11:14:13 PM] INFO Crafter_Zerank_120372934476033: Received - You start repairing the leather pants.
[11:14:13 PM] INFO Crafter_Zerank_120372934476033: repairing
[11:14:14 PM] INFO Crafter_Zerank_120372934476033: Received - You repair the leather pants.
[11:14:14 PM] INFO Crafter_Zerank_120372934476033: Improving leather pants - QL 9.599734/50.0/50.0 - Skill 50.0/50.0/50.0
[11:14:14 PM] INFO Crafter_Zerank_120372934476033: Improving leather pants with leather knife
[11:14:15 PM] INFO Crafter_Zerank_120372934476033: Received - You start cutting the leather pants.
[11:14:15 PM] INFO Crafter_Zerank_120372934476033: improving
[11:14:23 PM] INFO Crafter_Zerank_120372934476033: Received - The leather pants needs some holes punched with an awl.
[11:14:23 PM] INFO Crafter_Zerank_120372934476033: Improving leather pants - QL 16.103804/50.0/50.0 - Skill 50.0/50.0/50.0
[11:14:23 PM] INFO Crafter_Zerank_120372934476033: Improving leather pants with awl
[11:14:24 PM] INFO Crafter_Zerank_120372934476033: Received - You start punching the leather pants.
[11:14:24 PM] INFO Crafter_Zerank_120372934476033: improving
[11:14:33 PM] INFO Crafter_Zerank_120372934476033: Received - The leather pants has some excess leather that needs to be cut away with a leather knife.
[11:14:33 PM] INFO Crafter_Zerank_120372934476033: Improving leather pants - QL 21.600864/50.0/50.0 - Skill 50.0/50.0/50.0
[11:14:33 PM] INFO Crafter_Zerank_120372934476033: Improving leather pants with leather knife
[11:14:34 PM] INFO Crafter_Zerank_120372934476033: Received - You start cutting the leather pants.
[11:14:34 PM] INFO Crafter_Zerank_120372934476033: improving
[11:14:44 PM] INFO Crafter_Zerank_120372934476033: Received - A mallet must be used on the leather pants in order to smooth out a quirk.
[11:14:44 PM] INFO Crafter_Zerank_120372934476033: Improving leather pants - QL 26.849575/50.0/50.0 - Skill 50.0/50.0/50.0
[11:14:44 PM] INFO Crafter_Zerank_120372934476033: Improving leather pants with mallet
[11:14:45 PM] INFO Crafter_Zerank_120372934476033: Received - You start hammering the leather pants.
[11:14:45 PM] INFO Crafter_Zerank_120372934476033: improving
[11:14:55 PM] INFO Crafter_Zerank_120372934476033: Received - The leather pants has some holes and must be tailored with an iron needle to improve.
[11:14:55 PM] INFO Crafter_Zerank_120372934476033: Improving leather pants - QL 29.76107/50.0/50.0 - Skill 50.0/50.0/50.0
[11:14:55 PM] INFO Crafter_Zerank_120372934476033: Improving leather pants with needle
[11:14:56 PM] INFO Crafter_Zerank_120372934476033: Received - You start sewing the leather pants.
[11:14:56 PM] INFO Crafter_Zerank_120372934476033: improving
[11:15:07 PM] INFO Crafter_Zerank_120372934476033: Received - The leather pants needs some holes punched with an awl.
[11:15:07 PM] INFO Crafter_Zerank_120372934476033: Improving leather pants - QL 32.508/50.0/50.0 - Skill 50.0/50.0/50.0
[11:15:07 PM] INFO Crafter_Zerank_120372934476033: Improving leather pants with awl
[11:15:08 PM] INFO Crafter_Zerank_120372934476033: Received - You start punching the leather pants.
[11:15:08 PM] INFO Crafter_Zerank_120372934476033: improving
[11:15:20 PM] INFO Crafter_Zerank_120372934476033: Received - The leather pants has some holes and must be tailored with an iron needle to improve.
[11:15:20 PM] INFO Crafter_Zerank_120372934476033: Improving leather pants - QL 35.621475/50.0/50.0 - Skill 50.0/50.0/50.0
[11:15:20 PM] INFO Crafter_Zerank_120372934476033: Improving leather pants with needle
[11:15:21 PM] INFO Crafter_Zerank_120372934476033: Received - You start sewing the leather pants.
[11:15:21 PM] INFO Crafter_Zerank_120372934476033: improving
[11:15:34 PM] INFO Crafter_Zerank_120372934476033: Received - The leather pants has some excess leather that needs to be cut away with a leather knife.
[11:15:34 PM] INFO Crafter_Zerank_120372934476033: Improving leather pants - QL 37.17706/50.0/50.0 - Skill 50.0/50.0/50.0
[11:15:34 PM] INFO Crafter_Zerank_120372934476033: Improving leather pants with leather knife
[11:15:35 PM] INFO Crafter_Zerank_120372934476033: Received - You start cutting the leather pants.
[11:15:35 PM] INFO Crafter_Zerank_120372934476033: improving
[11:15:49 PM] INFO Crafter_Zerank_120372934476033: Received - The leather pants needs some holes punched with an awl.
[11:15:49 PM] INFO Crafter_Zerank_120372934476033: Improving leather pants - QL 38.694714/50.0/50.0 - Skill 50.0/50.0/50.0
[11:15:49 PM] INFO Crafter_Zerank_120372934476033: Improving leather pants with awl
[11:15:50 PM] INFO Crafter_Zerank_120372934476033: Received - You start punching the leather pants.
[11:15:50 PM] INFO Crafter_Zerank_120372934476033: improving
[11:16:05 PM] INFO Crafter_Zerank_120372934476033: Received - The leather pants has some excess leather that needs to be cut away with a leather knife.
[11:16:05 PM] INFO Crafter_Zerank_120372934476033: Improving leather pants - QL 39.65996/50.0/50.0 - Skill 50.0/50.0/50.0
[11:16:05 PM] INFO Crafter_Zerank_120372934476033: Improving leather pants with leather knife
[11:16:06 PM] INFO Crafter_Zerank_120372934476033: Received - You start cutting the leather pants.
[11:16:06 PM] INFO Crafter_Zerank_120372934476033: improving
[11:16:21 PM] INFO Crafter_Zerank_120372934476033: Received - The leather pants needs some holes punched with an awl.
[11:16:21 PM] INFO Crafter_Zerank_120372934476033: Improving leather pants - QL 41.263466/50.0/50.0 - Skill 50.0/50.0/50.0
[11:16:21 PM] INFO Crafter_Zerank_120372934476033: Improving leather pants with awl
[11:16:22 PM] INFO Crafter_Zerank_120372934476033: Received - You start punching the leather pants.
[11:16:22 PM] INFO Crafter_Zerank_120372934476033: improving
[11:16:37 PM] INFO Crafter_Zerank_120372934476033: Received - You improve the leather pants a bit.
[11:16:37 PM] INFO Crafter_Zerank_120372934476033: Received - The leather pants could be improved with a leather.
[11:16:37 PM] INFO Crafter_Zerank_120372934476033: Improving leather pants - QL 43.377464/50.0/50.0 - Skill 50.0/50.0/50.0
[11:16:37 PM] INFO Crafter_Zerank_120372934476033: Improving leather pants with leather
[11:16:38 PM] INFO Crafter_Zerank_120372934476033: Received - You start to improve the leather pants.
[11:16:38 PM] INFO Crafter_Zerank_120372934476033: improving
[11:16:53 PM] INFO Crafter_Zerank_120372934476033: Received - You damage the leather pants a little.
[11:16:53 PM] INFO Crafter_Zerank_120372934476033: Repairing leather pants
[11:16:54 PM] INFO Crafter_Zerank_120372934476033: Received - You start repairing the leather pants.
[11:16:54 PM] INFO Crafter_Zerank_120372934476033: repairing
[11:16:56 PM] INFO Crafter_Zerank_120372934476033: Received - You repair the leather pants.
[11:16:56 PM] INFO Crafter_Zerank_120372934476033: Improving leather pants - QL 43.20673/50.0/50.0 - Skill 50.0/50.0/50.0
[11:16:56 PM] INFO Crafter_Zerank_120372934476033: Improving leather pants with leather
[11:16:57 PM] INFO Crafter_Zerank_120372934476033: Received - You start to improve the leather pants.
[11:16:57 PM] INFO Crafter_Zerank_120372934476033: improving
[11:17:05 PM] INFO Crafter_Zerank_120372934476033: Received - You improve the leather pants a bit.
[11:17:05 PM] INFO Crafter_Zerank_120372934476033: Received - The leather pants has some excess leather that needs to be cut away with a leather knife.
[11:17:05 PM] INFO Crafter_Zerank_120372934476033: Improving leather pants - QL 44.805355/50.0/50.0 - Skill 50.0/50.0/50.0
[11:17:05 PM] INFO Crafter_Zerank_120372934476033: Improving leather pants with leather knife
[11:17:06 PM] INFO Crafter_Zerank_120372934476033: Received - You start cutting the leather pants.
[11:17:06 PM] INFO Crafter_Zerank_120372934476033: improving
[11:17:15 PM] INFO Crafter_Zerank_120372934476033: Received - A mallet must be used on the leather pants in order to smooth out a quirk.
[11:17:15 PM] INFO Crafter_Zerank_120372934476033: Improving leather pants - QL 45.635506/50.0/50.0 - Skill 50.0/50.0/50.0
[11:17:15 PM] INFO Crafter_Zerank_120372934476033: Improving leather pants with mallet
[11:17:16 PM] INFO Crafter_Zerank_120372934476033: Received - You start hammering the leather pants.
[11:17:16 PM] INFO Crafter_Zerank_120372934476033: improving
[11:17:25 PM] INFO Crafter_Zerank_120372934476033: Received - You improve the leather pants a bit.
[11:17:25 PM] INFO Crafter_Zerank_120372934476033: Received - The leather pants could be improved with a leather.
[11:17:25 PM] INFO Crafter_Zerank_120372934476033: Improving leather pants - QL 46.83615/50.0/50.0 - Skill 50.0/50.0/50.0
[11:17:25 PM] INFO Crafter_Zerank_120372934476033: Improving leather pants with leather
[11:17:26 PM] INFO Crafter_Zerank_120372934476033: Received - You start to improve the leather pants.
[11:17:26 PM] INFO Crafter_Zerank_120372934476033: improving
[11:17:36 PM] INFO Crafter_Zerank_120372934476033: Received - You damage the leather pants a little.
[11:17:36 PM] INFO Crafter_Zerank_120372934476033: Repairing leather pants
[11:17:37 PM] INFO Crafter_Zerank_120372934476033: Received - You start repairing the leather pants.
[11:17:37 PM] INFO Crafter_Zerank_120372934476033: repairing
[11:17:38 PM] INFO Crafter_Zerank_120372934476033: Received - You repair the leather pants.
[11:17:38 PM] INFO Crafter_Zerank_120372934476033: Improving leather pants - QL 46.735165/50.0/50.0 - Skill 50.0/50.0/50.0
[11:17:38 PM] INFO Crafter_Zerank_120372934476033: Improving leather pants with leather
[11:17:39 PM] INFO Crafter_Zerank_120372934476033: Received - You start to improve the leather pants.
[11:17:39 PM] INFO Crafter_Zerank_120372934476033: improving
[11:17:50 PM] INFO Crafter_Zerank_120372934476033: Received - You improve the leather pants a bit.
[11:17:50 PM] INFO Crafter_Zerank_120372934476033: Received - A mallet must be used on the leather pants in order to smooth out a quirk.
[11:17:50 PM] INFO Crafter_Zerank_120372934476033: Improving leather pants - QL 47.979385/50.0/50.0 - Skill 50.0/50.0/50.0
[11:17:50 PM] INFO Crafter_Zerank_120372934476033: Improving leather pants with mallet
[11:17:51 PM] INFO Crafter_Zerank_120372934476033: Received - You start hammering the leather pants.
[11:17:51 PM] INFO Crafter_Zerank_120372934476033: improving
[11:18:03 PM] INFO Crafter_Zerank_120372934476033: Received - The leather pants has some excess leather that needs to be cut away with a leather knife.
[11:18:03 PM] INFO Crafter_Zerank_120372934476033: Improving leather pants - QL 49.119396/50.0/50.0 - Skill 50.0/50.0/50.0
[11:18:03 PM] INFO Crafter_Zerank_120372934476033: Improving leather pants with leather knife
[11:18:04 PM] INFO Crafter_Zerank_120372934476033: Received - You start cutting the leather pants.
[11:18:04 PM] INFO Crafter_Zerank_120372934476033: improving
[11:18:17 PM] INFO Crafter_Zerank_120372934476033: Received - A mallet must be used on the leather pants in order to smooth out a quirk.
[11:18:17 PM] INFO Crafter_Zerank_120372934476033: leather pants is done.
[11:18:18 PM] INFO Crafter_Zerank_120372934476033: Repairing leather sleeve
[11:18:19 PM] INFO Crafter_Zerank_120372934476033: Received - You start repairing the leather sleeve.
[11:18:19 PM] INFO Crafter_Zerank_120372934476033: repairing
[11:18:21 PM] INFO Crafter_Zerank_120372934476033: Received - You repair the leather sleeve.
[11:18:21 PM] INFO Crafter_Zerank_120372934476033: Improving leather sleeve - QL 14.781095/50.0/50.0 - Skill 50.0/50.0/50.0
[11:18:21 PM] INFO Crafter_Zerank_120372934476033: Improving leather sleeve with awl
[11:18:22 PM] INFO Crafter_Zerank_120372934476033: Received - You start punching the leather sleeve.
[11:18:22 PM] INFO Crafter_Zerank_120372934476033: improving
[11:18:36 PM] INFO Crafter_Zerank_120372934476033: Received - A mallet must be used on the leather sleeve in order to smooth out a quirk.
[11:18:36 PM] INFO Crafter_Zerank_120372934476033: Improving leather sleeve - QL 18.969398/50.0/50.0 - Skill 50.0/50.0/50.0
[11:18:36 PM] INFO Crafter_Zerank_120372934476033: Improving leather sleeve with mallet
[11:18:37 PM] INFO Crafter_Zerank_120372934476033: Received - You start hammering the leather sleeve.
[11:18:37 PM] INFO Crafter_Zerank_120372934476033: improving
[11:18:45 PM] INFO Crafter_Zerank_120372934476033: Received - You improve the leather sleeve a bit.
[11:18:45 PM] INFO Crafter_Zerank_120372934476033: Received - The leather sleeve could be improved with a leather.
[11:18:45 PM] INFO Crafter_Zerank_120372934476033: Improving leather sleeve - QL 20.375969/50.0/50.0 - Skill 50.0/50.0/50.0
[11:18:45 PM] INFO Crafter_Zerank_120372934476033: Improving leather sleeve with leather
[11:18:46 PM] INFO Crafter_Zerank_120372934476033: Received - You start to improve the leather sleeve.
[11:18:46 PM] INFO Crafter_Zerank_120372934476033: improving
[11:18:55 PM] INFO Crafter_Zerank_120372934476033: Received - You improve the leather sleeve a bit.
[11:18:55 PM] INFO Crafter_Zerank_120372934476033: Received - The leather sleeve has some holes and must be tailored with an iron needle to improve.
[11:18:55 PM] INFO Crafter_Zerank_120372934476033: Improving leather sleeve - QL 23.831259/50.0/50.0 - Skill 50.0/50.0/50.0
[11:18:55 PM] INFO Crafter_Zerank_120372934476033: Improving leather sleeve with needle
[11:18:56 PM] INFO Crafter_Zerank_120372934476033: Received - You start sewing the leather sleeve.
[11:18:56 PM] INFO Crafter_Zerank_120372934476033: improving
[11:19:05 PM] INFO Crafter_Zerank_120372934476033: Received - You improve the leather sleeve a bit.
[11:19:05 PM] INFO Crafter_Zerank_120372934476033: Received - The leather sleeve could be improved with a leather.
[11:19:05 PM] INFO Crafter_Zerank_120372934476033: Improving leather sleeve - QL 28.326632/50.0/50.0 - Skill 50.0/50.0/50.0
[11:19:05 PM] INFO Crafter_Zerank_120372934476033: Improving leather sleeve with leather
[11:19:06 PM] INFO Crafter_Zerank_120372934476033: Received - You start to improve the leather sleeve.
[11:19:06 PM] INFO Crafter_Zerank_120372934476033: improving
[11:19:16 PM] INFO Crafter_Zerank_120372934476033: Received - You improve the leather sleeve a bit.
[11:19:16 PM] INFO Crafter_Zerank_120372934476033: Received - The leather sleeve has some excess leather that needs to be cut away with a leather knife.
[11:19:16 PM] INFO Crafter_Zerank_120372934476033: Improving leather sleeve - QL 31.584671/50.0/50.0 - Skill 50.0/50.0/50.0
[11:19:16 PM] INFO Crafter_Zerank_120372934476033: Improving leather sleeve with leather knife
[11:19:17 PM] INFO Crafter_Zerank_120372934476033: Received - You start cutting the leather sleeve.
[11:19:17 PM] INFO Crafter_Zerank_120372934476033: improving
[11:19:28 PM] INFO Crafter_Zerank_120372934476033: Received - The leather sleeve has some holes and must be tailored with an iron needle to improve.
[11:19:28 PM] INFO Crafter_Zerank_120372934476033: Improving leather sleeve - QL 34.521416/50.0/50.0 - Skill 50.0/50.0/50.0
[11:19:28 PM] INFO Crafter_Zerank_120372934476033: Improving leather sleeve with needle
[11:19:29 PM] INFO Crafter_Zerank_120372934476033: Received - You start sewing the leather sleeve.
[11:19:29 PM] INFO Crafter_Zerank_120372934476033: improving
[11:19:41 PM] INFO Crafter_Zerank_120372934476033: Received - The leather sleeve needs some holes punched with an awl.
[11:19:41 PM] INFO Crafter_Zerank_120372934476033: Improving leather sleeve - QL 36.234455/50.0/50.0 - Skill 50.0/50.0/50.0
[11:19:41 PM] INFO Crafter_Zerank_120372934476033: Improving leather sleeve with awl
[11:19:42 PM] INFO Crafter_Zerank_120372934476033: Received - You start punching the leather sleeve.
[11:19:42 PM] INFO Crafter_Zerank_120372934476033: improving
[11:19:55 PM] INFO Crafter_Zerank_120372934476033: Received - The leather sleeve has some excess leather that needs to be cut away with a leather knife.
[11:19:55 PM] INFO Crafter_Zerank_120372934476033: Improving leather sleeve - QL 38.642246/50.0/50.0 - Skill 50.0/50.0/50.0
[11:19:55 PM] INFO Crafter_Zerank_120372934476033: Improving leather sleeve with leather knife
[11:19:56 PM] INFO Crafter_Zerank_120372934476033: Received - You start cutting the leather sleeve.
[11:19:56 PM] INFO Crafter_Zerank_120372934476033: improving
[11:20:10 PM] INFO Crafter_Zerank_120372934476033: Received - A mallet must be used on the leather sleeve in order to smooth out a quirk.
[11:20:10 PM] INFO Crafter_Zerank_120372934476033: Improving leather sleeve - QL 40.965996/50.0/50.0 - Skill 50.0/50.0/50.0
[11:20:10 PM] INFO Crafter_Zerank_120372934476033: Improving leather sleeve with mallet
[11:20:11 PM] INFO Crafter_Zerank_120372934476033: Received - You start hammering the leather sleeve.
[11:20:11 PM] INFO Crafter_Zerank_120372934476033: improving
[11:20:26 PM] INFO Crafter_Zerank_120372934476033: Received - The leather sleeve has some excess leather that needs to be cut away with a leather knife.
[11:20:26 PM] INFO Crafter_Zerank_120372934476033: Improving leather sleeve - QL 43.822777/50.0/50.0 - Skill 50.0/50.0/50.0
[11:20:26 PM] INFO Crafter_Zerank_120372934476033: Improving leather sleeve with leather knife
[11:20:27 PM] INFO Crafter_Zerank_120372934476033: Received - You start cutting the leather sleeve.
[11:20:27 PM] INFO Crafter_Zerank_120372934476033: improving
[11:20:42 PM] INFO Crafter_Zerank_120372934476033: Received - The leather sleeve needs some holes punched with an awl.
[11:20:42 PM] INFO Crafter_Zerank_120372934476033: Improving leather sleeve - QL 45.218853/50.0/50.0 - Skill 50.0/50.0/50.0
[11:20:42 PM] INFO Crafter_Zerank_120372934476033: Improving leather sleeve with awl
[11:20:43 PM] INFO Crafter_Zerank_120372934476033: Received - You start punching the leather sleeve.
[11:20:43 PM] INFO Crafter_Zerank_120372934476033: improving
[11:20:58 PM] INFO Crafter_Zerank_120372934476033: Received - A mallet must be used on the leather sleeve in order to smooth out a quirk.
[11:20:58 PM] INFO Crafter_Zerank_120372934476033: Improving leather sleeve - QL 46.49374/50.0/50.0 - Skill 50.0/50.0/50.0
[11:20:58 PM] INFO Crafter_Zerank_120372934476033: Improving leather sleeve with mallet
[11:20:59 PM] INFO Crafter_Zerank_120372934476033: Received - You start hammering the leather sleeve.
[11:20:59 PM] INFO Crafter_Zerank_120372934476033: improving
[11:21:14 PM] INFO Crafter_Zerank_120372934476033: Received - The leather sleeve needs some holes punched with an awl.
[11:21:14 PM] INFO Crafter_Zerank_120372934476033: Improving leather sleeve - QL 47.527954/50.0/50.0 - Skill 50.0/50.0/50.0
[11:21:14 PM] INFO Crafter_Zerank_120372934476033: Improving leather sleeve with awl
[11:21:15 PM] INFO Crafter_Zerank_120372934476033: Received - You start punching the leather sleeve.
[11:21:15 PM] INFO Crafter_Zerank_120372934476033: improving
[11:21:30 PM] INFO Crafter_Zerank_120372934476033: Received - A mallet must be used on the leather sleeve in order to smooth out a quirk.
[11:21:30 PM] INFO Crafter_Zerank_120372934476033: Improving leather sleeve - QL 48.30665/50.0/50.0 - Skill 50.0/50.0/50.0
[11:21:30 PM] INFO Crafter_Zerank_120372934476033: Improving leather sleeve with mallet
[11:21:31 PM] INFO Crafter_Zerank_120372934476033: Received - You start hammering the leather sleeve.
[11:21:31 PM] INFO Crafter_Zerank_120372934476033: improving
[11:21:39 PM] INFO Crafter_Zerank_120372934476033: Received - The leather sleeve needs some holes punched with an awl.
[11:21:39 PM] INFO Crafter_Zerank_120372934476033: Improving leather sleeve - QL 48.77129/50.0/50.0 - Skill 50.0/50.0/50.0
[11:21:39 PM] INFO Crafter_Zerank_120372934476033: Improving leather sleeve with awl
[11:21:40 PM] INFO Crafter_Zerank_120372934476033: Received - You start punching the leather sleeve.
[11:21:40 PM] INFO Crafter_Zerank_120372934476033: improving
[11:21:49 PM] INFO Crafter_Zerank_120372934476033: Received - The leather sleeve has some excess leather that needs to be cut away with a leather knife.
[11:21:49 PM] INFO Crafter_Zerank_120372934476033: leather sleeve is done.
[11:21:50 PM] INFO Crafter_Zerank_120372934476033: Repairing leather sleeve
[11:21:51 PM] INFO Crafter_Zerank_120372934476033: Received - You start repairing the leather sleeve.
[11:21:51 PM] INFO Crafter_Zerank_120372934476033: repairing
[11:21:53 PM] INFO Crafter_Zerank_120372934476033: Received - You repair the leather sleeve.
[11:21:53 PM] INFO Crafter_Zerank_120372934476033: Improving leather sleeve - QL 20.743767/50.0/50.0 - Skill 50.0/50.0/50.0
[11:21:53 PM] INFO Crafter_Zerank_120372934476033: Improving leather sleeve with leather knife
[11:21:54 PM] INFO Crafter_Zerank_120372934476033: Received - You start cutting the leather sleeve.
[11:21:54 PM] INFO Crafter_Zerank_120372934476033: improving
[11:22:00 PM] INFO Crafter_Zerank_120372934476033: Received - A mallet must be used on the leather sleeve in order to smooth out a quirk.
[11:22:00 PM] INFO Crafter_Zerank_120372934476033: Improving leather sleeve - QL 24.692608/50.0/50.0 - Skill 50.0/50.0/50.0
[11:22:00 PM] INFO Crafter_Zerank_120372934476033: Improving leather sleeve with mallet
[11:22:01 PM] INFO Crafter_Zerank_120372934476033: Received - You start hammering the leather sleeve.
[11:22:01 PM] INFO Crafter_Zerank_120372934476033: improving
[11:22:07 PM] INFO Crafter_Zerank_120372934476033: Received - You improve the leather sleeve a bit.
[11:22:07 PM] INFO Crafter_Zerank_120372934476033: Received - The leather sleeve could be improved with a leather.
[11:22:07 PM] INFO Crafter_Zerank_120372934476033: Improving leather sleeve - QL 26.772505/50.0/50.0 - Skill 50.0/50.0/50.0
[11:22:07 PM] INFO Crafter_Zerank_120372934476033: Improving leather sleeve with leather
[11:22:08 PM] INFO Crafter_Zerank_120372934476033: Received - You start to improve the leather sleeve.
[11:22:08 PM] INFO Crafter_Zerank_120372934476033: improving
[11:22:16 PM] INFO Crafter_Zerank_120372934476033: Received - You improve the leather sleeve a bit.
[11:22:16 PM] INFO Crafter_Zerank_120372934476033: Received - The leather sleeve has some excess leather that needs to be cut away with a leather knife.
[11:22:16 PM] INFO Crafter_Zerank_120372934476033: Improving leather sleeve - QL 29.384169/50.0/50.0 - Skill 50.0/50.0/50.0
[11:22:16 PM] INFO Crafter_Zerank_120372934476033: Improving leather sleeve with leather knife
[11:22:17 PM] INFO Crafter_Zerank_120372934476033: Received - You start cutting the leather sleeve.
[11:22:17 PM] INFO Crafter_Zerank_120372934476033: improving
[11:22:26 PM] INFO Crafter_Zerank_120372934476033: Received - A mallet must be used on the leather sleeve in order to smooth out a quirk.
[11:22:26 PM] INFO Crafter_Zerank_120372934476033: Improving leather sleeve - QL 32.301388/50.0/50.0 - Skill 50.0/50.0/50.0
[11:22:26 PM] INFO Crafter_Zerank_120372934476033: Improving leather sleeve with mallet
[11:22:27 PM] INFO Crafter_Zerank_120372934476033: Received - You start hammering the leather sleeve.
[11:22:27 PM] INFO Crafter_Zerank_120372934476033: improving
[11:22:35 PM] INFO Crafter_Zerank_120372934476033: Received - The leather sleeve needs some holes punched with an awl.
[11:22:35 PM] INFO Crafter_Zerank_120372934476033: Improving leather sleeve - QL 33.21472/50.0/50.0 - Skill 50.0/50.0/50.0
[11:22:35 PM] INFO Crafter_Zerank_120372934476033: Improving leather sleeve with awl
[11:22:36 PM] INFO Crafter_Zerank_120372934476033: Received - You start punching the leather sleeve.
[11:22:36 PM] INFO Crafter_Zerank_120372934476033: improving
[11:22:44 PM] INFO Crafter_Zerank_120372934476033: Received - A mallet must be used on the leather sleeve in order to smooth out a quirk.
[11:22:44 PM] INFO Crafter_Zerank_120372934476033: Improving leather sleeve - QL 35.0278/50.0/50.0 - Skill 50.0/50.0/50.0
[11:22:44 PM] INFO Crafter_Zerank_120372934476033: Improving leather sleeve with mallet
[11:22:45 PM] INFO Crafter_Zerank_120372934476033: Received - You start hammering the leather sleeve.
[11:22:45 PM] INFO Crafter_Zerank_120372934476033: improving
[11:22:54 PM] INFO Crafter_Zerank_120372934476033: Received - The leather sleeve has some holes and must be tailored with an iron needle to improve.
[11:22:54 PM] INFO Crafter_Zerank_120372934476033: Improving leather sleeve - QL 37.58376/50.0/50.0 - Skill 50.0/50.0/50.0
[11:22:54 PM] INFO Crafter_Zerank_120372934476033: Improving leather sleeve with needle
[11:22:55 PM] INFO Crafter_Zerank_120372934476033: Received - You start sewing the leather sleeve.
[11:22:55 PM] INFO Crafter_Zerank_120372934476033: improving
[11:23:05 PM] INFO Crafter_Zerank_120372934476033: Received - The leather sleeve has some excess leather that needs to be cut away with a leather knife.
[11:23:05 PM] INFO Crafter_Zerank_120372934476033: Improving leather sleeve - QL 39.992012/50.0/50.0 - Skill 50.0/50.0/50.0
[11:23:05 PM] INFO Crafter_Zerank_120372934476033: Improving leather sleeve with leather knife
[11:23:06 PM] INFO Crafter_Zerank_120372934476033: Received - You start cutting the leather sleeve.
[11:23:06 PM] INFO Crafter_Zerank_120372934476033: improving
[11:23:16 PM] INFO Crafter_Zerank_120372934476033: Received - A mallet must be used on the leather sleeve in order to smooth out a quirk.
[11:23:16 PM] INFO Crafter_Zerank_120372934476033: Improving leather sleeve - QL 42.404644/50.0/50.0 - Skill 50.0/50.0/50.0
[11:23:16 PM] INFO Crafter_Zerank_120372934476033: Improving leather sleeve with mallet
[11:23:17 PM] INFO Crafter_Zerank_120372934476033: Received - You start hammering the leather sleeve.
[11:23:17 PM] INFO Crafter_Zerank_120372934476033: improving
[11:23:28 PM] INFO Crafter_Zerank_120372934476033: Received - The leather sleeve has some excess leather that needs to be cut away with a leather knife.
[11:23:28 PM] INFO Crafter_Zerank_120372934476033: Improving leather sleeve - QL 44.53313/50.0/50.0 - Skill 50.0/50.0/50.0
[11:23:28 PM] INFO Crafter_Zerank_120372934476033: Improving leather sleeve with leather knife
[11:23:29 PM] INFO Crafter_Zerank_120372934476033: Received - You start cutting the leather sleeve.
[11:23:29 PM] INFO Crafter_Zerank_120372934476033: improving
[11:23:41 PM] INFO Crafter_Zerank_120372934476033: Received - The leather sleeve has some holes and must be tailored with an iron needle to improve.
[11:23:41 PM] INFO Crafter_Zerank_120372934476033: Improving leather sleeve - QL 46.135002/50.0/50.0 - Skill 50.0/50.0/50.0
[11:23:41 PM] INFO Crafter_Zerank_120372934476033: Improving leather sleeve with needle
[11:23:42 PM] INFO Crafter_Zerank_120372934476033: Received - You start sewing the leather sleeve.
[11:23:42 PM] INFO Crafter_Zerank_120372934476033: improving
[11:23:55 PM] INFO Crafter_Zerank_120372934476033: Received - The leather sleeve needs some holes punched with an awl.
[11:23:55 PM] INFO Crafter_Zerank_120372934476033: Improving leather sleeve - QL 46.85586/50.0/50.0 - Skill 50.0/50.0/50.0
[11:23:55 PM] INFO Crafter_Zerank_120372934476033: Improving leather sleeve with awl
[11:23:56 PM] INFO Crafter_Zerank_120372934476033: Received - You start punching the leather sleeve.
[11:23:56 PM] INFO Crafter_Zerank_120372934476033: improving
[11:24:10 PM] INFO Crafter_Zerank_120372934476033: Received - The leather sleeve has some holes and must be tailored with an iron needle to improve.
[11:24:10 PM] INFO Crafter_Zerank_120372934476033: Improving leather sleeve - QL 48.250214/50.0/50.0 - Skill 50.0/50.0/50.0
[11:24:10 PM] INFO Crafter_Zerank_120372934476033: Improving leather sleeve with needle
[11:24:11 PM] INFO Crafter_Zerank_120372934476033: Received - You start sewing the leather sleeve.
[11:24:11 PM] INFO Crafter_Zerank_120372934476033: improving
[11:24:26 PM] INFO Crafter_Zerank_120372934476033: Received - You improve the leather sleeve a bit.
[11:24:26 PM] INFO Crafter_Zerank_120372934476033: Received - The leather sleeve could be improved with a leather.
[11:24:26 PM] INFO Crafter_Zerank_120372934476033: Improving leather sleeve - QL 49.318527/50.0/50.0 - Skill 50.0/50.0/50.0
[11:24:26 PM] INFO Crafter_Zerank_120372934476033: Improving leather sleeve with leather
[11:24:27 PM] INFO Crafter_Zerank_120372934476033: Received - You start to improve the leather sleeve.
[11:24:27 PM] INFO Crafter_Zerank_120372934476033: improving
[11:24:42 PM] INFO Crafter_Zerank_120372934476033: Received - You improve the leather sleeve a bit.
[11:24:42 PM] INFO Crafter_Zerank_120372934476033: Received - A mallet must be used on the leather sleeve in order to smooth out a quirk.
[11:24:42 PM] INFO Crafter_Zerank_120372934476033: leather sleeve is done.
[06:19:40 AM] INFO Crafter_Zerank_120372934476033: Received - The trade was completed successfully.
