[10:40:28 PM] INFO worker120372934476033: Gmbl received iron five coin, id: 4078037893396, QL: 76.92782
[10:40:28 PM] INFO worker120372934476033: Gmbl received iron five coin, id: 4078054670612, QL: 77.06731
[10:40:28 PM] INFO worker120372934476033: Gmbl received iron five coin, id: 4078071447828, QL: 37.942535
[10:40:28 PM] INFO worker120372934476033: Gmbl received iron coin, id: 4078088225044, QL: 32.857574
[10:40:28 PM] INFO worker120372934476033: Gmbl received iron coin, id: 4078105002260, QL: 10.606116
[10:40:28 PM] INFO worker120372934476033: Crafter_Zerank received copper five coin, id: 3272580530452, QL: 47.08499
[10:40:28 PM] INFO worker120372934476033: Crafter_Zerank received iron shovel, id: 10023413481730, QL: 11.0
[10:53:36 PM] INFO worker120372934476033: Barefoot received copper twenty coin, id: 4078373437716, QL: 8.622307
[10:53:36 PM] INFO worker120372934476033: Barefoot received copper twenty coin, id: 4078390214932, QL: 22.470676
[10:53:36 PM] INFO worker120372934476033: Barefoot received iron five coin, id: 4078406992148, QL: 32.337837
[10:53:36 PM] INFO worker120372934476033: Barefoot received copper coin, id: 4078121779476, QL: 72.770515
[10:53:36 PM] INFO worker120372934476033: Barefoot received copper coin, id: 4078138556692, QL: 83.90914
[10:53:36 PM] INFO worker120372934476033: Barefoot received iron twenty coin, id: 4078323106068, QL: 90.41446
[10:53:36 PM] INFO worker120372934476033: Barefoot received iron twenty coin, id: 4078306328852, QL: 41.316647
[10:53:36 PM] INFO worker120372934476033: Barefoot received iron coin, id: 4078222442772, QL: 29.753954
[10:53:36 PM] INFO worker120372934476033: Barefoot received iron coin, id: 4078239219988, QL: 18.797201
[10:53:36 PM] INFO worker120372934476033: Barefoot received iron twenty coin, id: 4078474101012, QL: 10.210347
[10:53:36 PM] INFO worker120372934476033: Barefoot received iron coin, id: 4078490878228, QL: 7.089126
[10:53:36 PM] INFO worker120372934476033: Barefoot received iron five coin, id: 4078423769364, QL: 99.212234
[10:53:36 PM] INFO worker120372934476033: Barefoot received iron five coin, id: 4078440546580, QL: 93.53486
[10:53:36 PM] INFO worker120372934476033: Barefoot received iron coin, id: 4078457323796, QL: 35.847443
[10:53:36 PM] INFO worker120372934476033: Crafter_Zerank received cherrywood spindle, id: 8935998226690, QL: 13.443217
[10:53:36 PM] INFO worker120372934476033: Crafter_Zerank received birchwood mallet, id: 8937004859650, QL: 9.880375
[10:53:36 PM] INFO worker120372934476033: Crafter_Zerank received leather leather glove, id: 8939135566082, QL: 15.689903
[10:53:36 PM] INFO worker120372934476033: Crafter_Zerank received leather leather glove, id: 8939169120514, QL: 6.772979
[10:53:36 PM] INFO worker120372934476033: Crafter_Zerank received leather leather jacket, id: 8939303338242, QL: 19.216637
[10:53:36 PM] INFO worker120372934476033: Crafter_Zerank received leather leather pants, id: 8939202674946, QL: 9.608506
[10:53:36 PM] INFO worker120372934476033: Crafter_Zerank received leather leather sleeve, id: 8939370447106, QL: 14.82373
[10:53:36 PM] INFO worker120372934476033: Crafter_Zerank received leather leather sleeve, id: 8939336892674, QL: 20.74492
[10:53:36 PM] INFO worker120372934476033: Crafter_Zerank received copper twenty coin, id: 3272546976020, QL: 7.0644083
[10:53:36 PM] INFO worker120372934476033: Crafter_Zerank received copper twenty coin, id: 3272614084884, QL: 62.73914
[10:53:36 PM] INFO worker120372934476033: Crafter_Zerank received copper twenty coin, id: 3272194654484, QL: 53.166885
[10:53:36 PM] INFO worker120372934476033: Crafter_Zerank received copper twenty coin, id: 3272211431700, QL: 60.411316
